<?xml version="1.0" encoding="utf-8"?>
<TestRun id="8684d8c2-4363-473f-bf64-8172b7e8b27f" name="dave@TRAVLER 2025-10-02 00:32:07" runUser="TRAVLER\dave" xmlns="http://microsoft.com/schemas/VisualStudio/TeamTest/2010">
  <Times creation="2025-10-02T00:32:07.1077958-04:00" queuing="2025-10-02T00:32:07.1077973-04:00" start="2025-10-02T00:32:05.5944789-04:00" finish="2025-10-02T00:32:13.6724157-04:00" />
  <TestSettings name="default" id="d61a6dba-c329-4a62-9908-3d30d10223d2">
    <Deployment runDeploymentRoot="dave_TRAVLER_2025-10-02_00_32_07" />
  </TestSettings>
  <Results>
    <UnitTestResult executionId="15a1c9f0-f9e6-4079-99b7-d4045cd11b8d" testId="0b6a9354-1c3b-18ca-6c73-747102ab6d32" testName="HotshotLogistics.Tests.RealtimeHubTests.DriverStatusChanged_WithDifferentStatuses_ShouldBroadcastCorrectly(status: Available)" computerName="TRAVLER" duration="00:00:00.0055417" startTime="2025-10-02T00:32:07.4626269-04:00" endTime="2025-10-02T00:32:07.4765709-04:00" testType="13cdc9d9-ddb5-4fa4-a97d-d965ccfc6d4b" outcome="Passed" testListId="8c84fa94-04c1-424b-9868-57a2d4851a1d" relativeResultsDirectory="15a1c9f0-f9e6-4079-99b7-d4045cd11b8d" />
    <UnitTestResult executionId="83235ee3-5055-45fd-9d73-c641ae34d1cc" testId="30421874-9efc-4756-8180-577e2069adc2" testName="HotshotLogistics.Tests.TrackingControllerTests.StopTracking_WithEmptyJobId_ReturnsBadRequest" computerName="TRAVLER" duration="00:00:00.0021314" startTime="2025-10-02T00:32:07.4709884-04:00" endTime="2025-10-02T00:32:07.4932914-04:00" testType="13cdc9d9-ddb5-4fa4-a97d-d965ccfc6d4b" outcome="Passed" testListId="8c84fa94-04c1-424b-9868-57a2d4851a1d" relativeResultsDirectory="83235ee3-5055-45fd-9d73-c641ae34d1cc" />
    <UnitTestResult executionId="22c486dd-1cf3-475b-a77f-867d9b39d06a" testId="fb56d126-3c3f-27e4-3cd3-635095e4aec3" testName="HotshotLogistics.Tests.InvoiceRepositoryTests.GetInvoiceSummaryAsync_ReturnsCorrectSummaryStatistics" computerName="TRAVLER" duration="00:00:00.0010000" startTime="2025-10-02T00:32:07.0836570-04:00" endTime="2025-10-02T00:32:07.0837812-04:00" testType="13cdc9d9-ddb5-4fa4-a97d-d965ccfc6d4b" outcome="Failed" testListId="8c84fa94-04c1-424b-9868-57a2d4851a1d" relativeResultsDirectory="22c486dd-1cf3-475b-a77f-867d9b39d06a">
      <Output>
        <ErrorInfo>
          <Message>System.InvalidOperationException : TEST_DB_PASSWORD environment variable is required for tests</Message>
          <StackTrace>   at HotshotLogistics.Tests.InvoiceRepositoryTests..ctor() in c:\git\bolt-hotshot-logistics\5-Test\tests\HotshotLogistics.Tests\InvoiceRepositoryTests.cs:line 34&#xD;
   at System.RuntimeType.CreateInstanceDefaultCtor(Boolean publicOnly, Boolean wrapExceptions)</StackTrace>
        </ErrorInfo>
      </Output>
    </UnitTestResult>
    <UnitTestResult executionId="b93f1929-4152-44f6-90a4-ceb392bcbb11" testId="10b27315-fb52-7060-68bb-641bdd076cc7" testName="HotshotLogistics.Tests.MappingServiceTests.MappingService_ValidateAddressAsync_ValidAddress_ReturnsTrue" computerName="TRAVLER" duration="00:00:00.0277496" startTime="2025-10-02T00:32:07.4504151-04:00" endTime="2025-10-02T00:32:07.5013831-04:00" testType="13cdc9d9-ddb5-4fa4-a97d-d965ccfc6d4b" outcome="Passed" testListId="8c84fa94-04c1-424b-9868-57a2d4851a1d" relativeResultsDirectory="b93f1929-4152-44f6-90a4-ceb392bcbb11" />
    <UnitTestResult executionId="44afa015-d108-4f71-9384-9eefed8d798b" testId="68a41e48-1e58-71e7-7c67-ca8d79b51b0f" testName="HotshotLogistics.Tests.LocationTrackingRepositoryTests.AddAsync_CreatesLocationTrackingRecordSuccessfully" computerName="TRAVLER" duration="00:00:00.0010000" startTime="2025-10-02T00:32:07.1946703-04:00" endTime="2025-10-02T00:32:07.1947951-04:00" testType="13cdc9d9-ddb5-4fa4-a97d-d965ccfc6d4b" outcome="Failed" testListId="8c84fa94-04c1-424b-9868-57a2d4851a1d" relativeResultsDirectory="44afa015-d108-4f71-9384-9eefed8d798b">
      <Output>
        <ErrorInfo>
          <Message>System.InvalidOperationException : TEST_DB_PASSWORD environment variable is required for tests</Message>
          <StackTrace>   at HotshotLogistics.Tests.LocationTrackingRepositoryTests..ctor() in c:\git\bolt-hotshot-logistics\5-Test\tests\HotshotLogistics.Tests\LocationTrackingRepositoryTests.cs:line 33&#xD;
   at System.RuntimeType.CreateInstanceDefaultCtor(Boolean publicOnly, Boolean wrapExceptions)</StackTrace>
        </ErrorInfo>
      </Output>
    </UnitTestResult>
    <UnitTestResult executionId="4b430325-58f1-4b13-bf6d-36e5b37e2398" testId="1d9fff2b-c143-0894-46e8-7a6aa371e5de" testName="HotshotLogistics.Tests.MappingServiceTests.GoogleMapsService_CalculateRouteAsync_ValidLocations_ReturnsRouteResult" computerName="TRAVLER" duration="00:00:00.0235314" startTime="2025-10-02T00:32:07.5529553-04:00" endTime="2025-10-02T00:32:07.5766545-04:00" testType="13cdc9d9-ddb5-4fa4-a97d-d965ccfc6d4b" outcome="Passed" testListId="8c84fa94-04c1-424b-9868-57a2d4851a1d" relativeResultsDirectory="4b430325-58f1-4b13-bf6d-36e5b37e2398" />
    <UnitTestResult executionId="697544e7-3dc1-40f7-a1c0-e9231845043c" testId="a9c8c887-7386-6e2f-fcf8-fa5d28eab6e0" testName="HotshotLogistics.Tests.RealtimeServiceTests.SendToGroup_ShouldSendMessageToGroup" computerName="TRAVLER" duration="00:00:00.0063687" startTime="2025-10-02T00:32:07.3872727-04:00" endTime="2025-10-02T00:32:07.3907564-04:00" testType="13cdc9d9-ddb5-4fa4-a97d-d965ccfc6d4b" outcome="Passed" testListId="8c84fa94-04c1-424b-9868-57a2d4851a1d" relativeResultsDirectory="697544e7-3dc1-40f7-a1c0-e9231845043c" />
    <UnitTestResult executionId="a12adae9-5694-4aad-9cec-37e01af1d425" testId="f9ea49a1-c2a6-af59-8072-ed06de0faed3" testName="HotshotLogistics.Tests.RealtimeServiceTests.SendNotification_WithoutUserId_ShouldBroadcastToAll" computerName="TRAVLER" duration="00:00:00.0084072" startTime="2025-10-02T00:32:07.3516131-04:00" endTime="2025-10-02T00:32:07.3520952-04:00" testType="13cdc9d9-ddb5-4fa4-a97d-d965ccfc6d4b" outcome="Passed" testListId="8c84fa94-04c1-424b-9868-57a2d4851a1d" relativeResultsDirectory="a12adae9-5694-4aad-9cec-37e01af1d425" />
    <UnitTestResult executionId="5be64130-a273-412c-adf4-4d93a96ee3a8" testId="ed4cd655-da1a-3f04-a1d8-1cef3dba26b5" testName="HotshotLogistics.Tests.TrackingControllerTests.GetLocationHistory_WithValidParameters_ReturnsLocationHistory" computerName="TRAVLER" duration="00:00:00.0095194" startTime="2025-10-02T00:32:07.4970857-04:00" endTime="2025-10-02T00:32:07.4983119-04:00" testType="13cdc9d9-ddb5-4fa4-a97d-d965ccfc6d4b" outcome="Passed" testListId="8c84fa94-04c1-424b-9868-57a2d4851a1d" relativeResultsDirectory="5be64130-a273-412c-adf4-4d93a96ee3a8" />
    <UnitTestResult executionId="f841cd0b-438a-441e-bff7-8a16c00e06c8" testId="c47426c9-d6ee-c730-85cf-ab5b39a28e4d" testName="HotshotLogistics.Tests.DataIntegrationTests.JobService_CreateJob_CallsRepository" computerName="TRAVLER" duration="00:00:00.1984343" startTime="2025-10-02T00:32:07.3362454-04:00" endTime="2025-10-02T00:32:07.4044589-04:00" testType="13cdc9d9-ddb5-4fa4-a97d-d965ccfc6d4b" outcome="Passed" testListId="8c84fa94-04c1-424b-9868-57a2d4851a1d" relativeResultsDirectory="f841cd0b-438a-441e-bff7-8a16c00e06c8" />
    <UnitTestResult executionId="a82926eb-316d-40f3-8ed9-9ca6d79ca65f" testId="c0c148ab-748b-2b81-eb98-5bf901ea7c4a" testName="HotshotLogistics.Tests.TrackingControllerTests.GetPublicTrackingInfo_WhenLocationExists_ReturnsPublicTrackingInfo" computerName="TRAVLER" duration="00:00:00.0078435" startTime="2025-10-02T00:32:07.4365873-04:00" endTime="2025-10-02T00:32:07.4427001-04:00" testType="13cdc9d9-ddb5-4fa4-a97d-d965ccfc6d4b" outcome="Passed" testListId="8c84fa94-04c1-424b-9868-57a2d4851a1d" relativeResultsDirectory="a82926eb-316d-40f3-8ed9-9ca6d79ca65f" />
    <UnitTestResult executionId="6ee67cfd-1858-4005-ad33-c712292961aa" testId="64e6d89b-8d69-bd93-aa55-23fd1aa360da" testName="HotshotLogistics.Tests.NotificationServiceTests.SendSmsAsync_RetryOnFailure" computerName="TRAVLER" duration="00:00:03.0370276" startTime="2025-10-02T00:32:07.3800762-04:00" endTime="2025-10-02T00:32:10.3446707-04:00" testType="13cdc9d9-ddb5-4fa4-a97d-d965ccfc6d4b" outcome="Passed" testListId="8c84fa94-04c1-424b-9868-57a2d4851a1d" relativeResultsDirectory="6ee67cfd-1858-4005-ad33-c712292961aa" />
    <UnitTestResult executionId="51d94bd2-c003-4785-8016-318772ee476d" testId="ebdc0ad2-29ff-a236-c874-d85bc46aad39" testName="HotshotLogistics.Tests.CustomerControllerTests.DeleteCustomer_WhenCustomerExists_ReturnsNoContent" computerName="TRAVLER" duration="00:00:00.0031225" startTime="2025-10-02T00:32:07.3875942-04:00" endTime="2025-10-02T00:32:07.3877529-04:00" testType="13cdc9d9-ddb5-4fa4-a97d-d965ccfc6d4b" outcome="Passed" testListId="8c84fa94-04c1-424b-9868-57a2d4851a1d" relativeResultsDirectory="51d94bd2-c003-4785-8016-318772ee476d" />
    <UnitTestResult executionId="a1c12b6a-fb17-4061-a60b-949a5480e57f" testId="66c3d8ca-5e61-a03a-0139-0f1ddbf1095b" testName="HotshotLogistics.Tests.RealtimeServiceTests.BroadcastDriverStatusChange_ShouldSendToDriverGroupAndAdmins" computerName="TRAVLER" duration="00:00:00.0259480" startTime="2025-10-02T00:32:07.3764029-04:00" endTime="2025-10-02T00:32:07.3813272-04:00" testType="13cdc9d9-ddb5-4fa4-a97d-d965ccfc6d4b" outcome="Passed" testListId="8c84fa94-04c1-424b-9868-57a2d4851a1d" relativeResultsDirectory="a1c12b6a-fb17-4061-a60b-949a5480e57f" />
    <UnitTestResult executionId="3d558337-78cc-4f0c-814a-bf7d2da8bf38" testId="477cb532-c048-883a-d922-01aec8f1363b" testName="HotshotLogistics.Tests.AuthorizationTests.ResourceOwnerAuthorizationHandler_NoAppropriateRole_DeniesAccess" computerName="TRAVLER" duration="00:00:00.0433582" startTime="2025-10-02T00:32:07.4050265-04:00" endTime="2025-10-02T00:32:07.4366379-04:00" testType="13cdc9d9-ddb5-4fa4-a97d-d965ccfc6d4b" outcome="Passed" testListId="8c84fa94-04c1-424b-9868-57a2d4851a1d" relativeResultsDirectory="3d558337-78cc-4f0c-814a-bf7d2da8bf38" />
    <UnitTestResult executionId="7c018592-716a-4ef6-bc0c-25adb6c05c63" testId="10ec50fb-dc07-9f7c-4b2d-11b87413f4dd" testName="HotshotLogistics.Tests.RealtimeHubTests.JobStatusUpdated_WhenExceptionThrown_ShouldLogError" computerName="TRAVLER" duration="00:00:00.0226519" startTime="2025-10-02T00:32:07.4981871-04:00" endTime="2025-10-02T00:32:07.5033526-04:00" testType="13cdc9d9-ddb5-4fa4-a97d-d965ccfc6d4b" outcome="Passed" testListId="8c84fa94-04c1-424b-9868-57a2d4851a1d" relativeResultsDirectory="7c018592-716a-4ef6-bc0c-25adb6c05c63" />
    <UnitTestResult executionId="3da790ac-1cf5-43df-9040-f4ae568fb702" testId="8f1096aa-3457-5e2e-370e-62f02729fef5" testName="HotshotLogistics.Tests.InvoiceRepositoryTests.UpdatePaidAmountAsync_UpdatesPaidAmountSuccessfully" computerName="TRAVLER" duration="00:00:00.0010000" startTime="2025-10-02T00:32:07.0524107-04:00" endTime="2025-10-02T00:32:07.0525187-04:00" testType="13cdc9d9-ddb5-4fa4-a97d-d965ccfc6d4b" outcome="Failed" testListId="8c84fa94-04c1-424b-9868-57a2d4851a1d" relativeResultsDirectory="3da790ac-1cf5-43df-9040-f4ae568fb702">
      <Output>
        <ErrorInfo>
          <Message>System.InvalidOperationException : TEST_DB_PASSWORD environment variable is required for tests</Message>
          <StackTrace>   at HotshotLogistics.Tests.InvoiceRepositoryTests..ctor() in c:\git\bolt-hotshot-logistics\5-Test\tests\HotshotLogistics.Tests\InvoiceRepositoryTests.cs:line 34&#xD;
   at System.RuntimeType.CreateInstanceDefaultCtor(Boolean publicOnly, Boolean wrapExceptions)</StackTrace>
        </ErrorInfo>
      </Output>
    </UnitTestResult>
    <UnitTestResult executionId="f4f7bacb-6778-4942-ac14-d71bc495969a" testId="c1e9f6cc-4ec8-251c-6d68-66b9815708da" testName="HotshotLogistics.Tests.CustomerControllerTests.UpdateCreditTerms_WithInvalidPaymentTerms_ReturnsBadRequest" computerName="TRAVLER" duration="00:00:00.0008151" startTime="2025-10-02T00:32:07.4392303-04:00" endTime="2025-10-02T00:32:07.4395696-04:00" testType="13cdc9d9-ddb5-4fa4-a97d-d965ccfc6d4b" outcome="Passed" testListId="8c84fa94-04c1-424b-9868-57a2d4851a1d" relativeResultsDirectory="f4f7bacb-6778-4942-ac14-d71bc495969a" />
    <UnitTestResult executionId="a7830c16-dc8e-4758-80f8-444b380da93a" testId="a99a99af-fdee-56d6-a466-50835289f8e5" testName="HotshotLogistics.Tests.ConnectionManagerServiceTests.GetUserConnectionsAsync_ShouldReturnConnections_WhenExist" computerName="TRAVLER" duration="00:00:00.1253671" startTime="2025-10-02T00:32:07.4341645-04:00" endTime="2025-10-02T00:32:07.5380474-04:00" testType="13cdc9d9-ddb5-4fa4-a97d-d965ccfc6d4b" outcome="Passed" testListId="8c84fa94-04c1-424b-9868-57a2d4851a1d" relativeResultsDirectory="a7830c16-dc8e-4758-80f8-444b380da93a" />
    <UnitTestResult executionId="0202355f-99d3-494e-acd9-d45435429a91" testId="a8f8b221-0977-b9ee-5453-ca56d31ca906" testName="HotshotLogistics.Tests.LocationTrackingRepositoryTests.GetLatestByDriverIdAsync_ReturnsLatestLocationTrackingRecordForDriver" computerName="TRAVLER" duration="00:00:00.0010000" startTime="2025-10-02T00:32:07.3067458-04:00" endTime="2025-10-02T00:32:07.3072852-04:00" testType="13cdc9d9-ddb5-4fa4-a97d-d965ccfc6d4b" outcome="Failed" testListId="8c84fa94-04c1-424b-9868-57a2d4851a1d" relativeResultsDirectory="0202355f-99d3-494e-acd9-d45435429a91">
      <Output>
        <ErrorInfo>
          <Message>System.InvalidOperationException : TEST_DB_PASSWORD environment variable is required for tests</Message>
          <StackTrace>   at HotshotLogistics.Tests.LocationTrackingRepositoryTests..ctor() in c:\git\bolt-hotshot-logistics\5-Test\tests\HotshotLogistics.Tests\LocationTrackingRepositoryTests.cs:line 33&#xD;
   at System.RuntimeType.CreateInstanceDefaultCtor(Boolean publicOnly, Boolean wrapExceptions)</StackTrace>
        </ErrorInfo>
      </Output>
    </UnitTestResult>
    <UnitTestResult executionId="e97f27e2-6589-491e-8d97-a4671f0ae346" testId="36d0c14c-1aff-b643-41eb-89d92f93326b" testName="HotshotLogistics.Tests.Validators.DriverRegistrationValidatorTests.Validate_ValidDriverRegistration_ShouldPass" computerName="TRAVLER" duration="00:00:00.0006906" startTime="2025-10-02T00:32:07.1219773-04:00" endTime="2025-10-02T00:32:07.1221345-04:00" testType="13cdc9d9-ddb5-4fa4-a97d-d965ccfc6d4b" outcome="Passed" testListId="8c84fa94-04c1-424b-9868-57a2d4851a1d" relativeResultsDirectory="e97f27e2-6589-491e-8d97-a4671f0ae346" />
    <UnitTestResult executionId="cbee6b00-b630-4d35-8ece-4d83fe8b88ee" testId="e81d41a5-b5c7-8213-6b98-c92792464c0c" testName="HotshotLogistics.Tests.LocationTrackingRepositoryTests.DeleteOlderThanAsync_DeletesLocationTrackingRecordsOlderThanCutoffDate" computerName="TRAVLER" duration="00:00:00.0010000" startTime="2025-10-02T00:32:07.2114234-04:00" endTime="2025-10-02T00:32:07.2116346-04:00" testType="13cdc9d9-ddb5-4fa4-a97d-d965ccfc6d4b" outcome="Failed" testListId="8c84fa94-04c1-424b-9868-57a2d4851a1d" relativeResultsDirectory="cbee6b00-b630-4d35-8ece-4d83fe8b88ee">
      <Output>
        <ErrorInfo>
          <Message>System.InvalidOperationException : TEST_DB_PASSWORD environment variable is required for tests</Message>
          <StackTrace>   at HotshotLogistics.Tests.LocationTrackingRepositoryTests..ctor() in c:\git\bolt-hotshot-logistics\5-Test\tests\HotshotLogistics.Tests\LocationTrackingRepositoryTests.cs:line 33&#xD;
   at System.RuntimeType.CreateInstanceDefaultCtor(Boolean publicOnly, Boolean wrapExceptions)</StackTrace>
        </ErrorInfo>
      </Output>
    </UnitTestResult>
    <UnitTestResult executionId="95ace0d1-d2a0-4782-8334-245fba224364" testId="80da81ae-def1-7368-cf78-5ad4c3ebd4b7" testName="HotshotLogistics.Tests.JobControllerTests.GetJobsByStatus_ReturnsJobsWithStatus" computerName="TRAVLER" duration="00:00:00.0277426" startTime="2025-10-02T00:32:07.4359258-04:00" endTime="2025-10-02T00:32:07.4633682-04:00" testType="13cdc9d9-ddb5-4fa4-a97d-d965ccfc6d4b" outcome="Passed" testListId="8c84fa94-04c1-424b-9868-57a2d4851a1d" relativeResultsDirectory="95ace0d1-d2a0-4782-8334-245fba224364" />
    <UnitTestResult executionId="777f8a9f-7b5b-47ec-be09-895676bb848f" testId="49507fd4-e777-e82c-8b2b-e0c47af63e47" testName="HotshotLogistics.Tests.RealtimeHubTests.LocationUpdated_ShouldBroadcastToJobGroup" computerName="TRAVLER" duration="00:00:00.0036721" startTime="2025-10-02T00:32:07.5331825-04:00" endTime="2025-10-02T00:32:07.5346407-04:00" testType="13cdc9d9-ddb5-4fa4-a97d-d965ccfc6d4b" outcome="Passed" testListId="8c84fa94-04c1-424b-9868-57a2d4851a1d" relativeResultsDirectory="777f8a9f-7b5b-47ec-be09-895676bb848f" />
    <UnitTestResult executionId="4f77ab50-f2f4-4f5f-8a8a-aec77d697267" testId="76078ec4-1ccd-30ce-6855-43fe319838b2" testName="HotshotLogistics.Tests.InvoiceRepositoryTests.UpdateAsync_UpdatesInvoiceSuccessfully" computerName="TRAVLER" duration="00:00:00.0010000" startTime="2025-10-02T00:32:07.0788158-04:00" endTime="2025-10-02T00:32:07.0789179-04:00" testType="13cdc9d9-ddb5-4fa4-a97d-d965ccfc6d4b" outcome="Failed" testListId="8c84fa94-04c1-424b-9868-57a2d4851a1d" relativeResultsDirectory="4f77ab50-f2f4-4f5f-8a8a-aec77d697267">
      <Output>
        <ErrorInfo>
          <Message>System.InvalidOperationException : TEST_DB_PASSWORD environment variable is required for tests</Message>
          <StackTrace>   at HotshotLogistics.Tests.InvoiceRepositoryTests..ctor() in c:\git\bolt-hotshot-logistics\5-Test\tests\HotshotLogistics.Tests\InvoiceRepositoryTests.cs:line 34&#xD;
   at System.RuntimeType.CreateInstanceDefaultCtor(Boolean publicOnly, Boolean wrapExceptions)</StackTrace>
        </ErrorInfo>
      </Output>
    </UnitTestResult>
    <UnitTestResult executionId="a1d1a620-7b42-4128-986b-7318c4030810" testId="ccc42852-cfe5-fc7b-28d5-b99606626821" testName="HotshotLogistics.Tests.CustomerControllerTests.UpdateCreditLimit_WithValidRequest_ReturnsNoContent" computerName="TRAVLER" duration="00:00:00.0058150" startTime="2025-10-02T00:32:07.4489528-04:00" endTime="2025-10-02T00:32:07.4533219-04:00" testType="13cdc9d9-ddb5-4fa4-a97d-d965ccfc6d4b" outcome="Passed" testListId="8c84fa94-04c1-424b-9868-57a2d4851a1d" relativeResultsDirectory="a1d1a620-7b42-4128-986b-7318c4030810" />
    <UnitTestResult executionId="3a17e68a-3ddb-486b-97e3-4085f3ed3433" testId="e58304f6-4055-984c-6135-dd538e9dffd9" testName="HotshotLogistics.Tests.BillingControllerTests.ProcessPayment_WithNullRequest_ReturnsBadRequest" computerName="TRAVLER" duration="00:00:00.0022605" startTime="2025-10-02T00:32:07.5024925-04:00" endTime="2025-10-02T00:32:07.5026257-04:00" testType="13cdc9d9-ddb5-4fa4-a97d-d965ccfc6d4b" outcome="Passed" testListId="8c84fa94-04c1-424b-9868-57a2d4851a1d" relativeResultsDirectory="3a17e68a-3ddb-486b-97e3-4085f3ed3433" />
    <UnitTestResult executionId="be6bc934-2659-42e1-9850-165fbe517d54" testId="cc8be419-2377-966f-42c9-e93bf0688e76" testName="HotshotLogistics.Tests.InvoiceRepositoryTests.GetAgingReportAsync_ReturnsAgingReportData" computerName="TRAVLER" duration="00:00:00.0010000" startTime="2025-10-02T00:32:07.0769258-04:00" endTime="2025-10-02T00:32:07.0770380-04:00" testType="13cdc9d9-ddb5-4fa4-a97d-d965ccfc6d4b" outcome="Failed" testListId="8c84fa94-04c1-424b-9868-57a2d4851a1d" relativeResultsDirectory="be6bc934-2659-42e1-9850-165fbe517d54">
      <Output>
        <ErrorInfo>
          <Message>System.InvalidOperationException : TEST_DB_PASSWORD environment variable is required for tests</Message>
          <StackTrace>   at HotshotLogistics.Tests.InvoiceRepositoryTests..ctor() in c:\git\bolt-hotshot-logistics\5-Test\tests\HotshotLogistics.Tests\InvoiceRepositoryTests.cs:line 34&#xD;
   at System.RuntimeType.CreateInstanceDefaultCtor(Boolean publicOnly, Boolean wrapExceptions)</StackTrace>
        </ErrorInfo>
      </Output>
    </UnitTestResult>
    <UnitTestResult executionId="4eaae94b-b1d8-41f5-b6c1-04959433d7b9" testId="58869413-4c93-1e18-bcb7-cef225f398ae" testName="HotshotLogistics.Tests.Validators.CreateJobValidatorTests.Validate_ValidJobDto_ShouldPass" computerName="TRAVLER" duration="00:00:00.0158912" startTime="2025-10-02T00:32:07.4426104-04:00" endTime="2025-10-02T00:32:07.4688309-04:00" testType="13cdc9d9-ddb5-4fa4-a97d-d965ccfc6d4b" outcome="Passed" testListId="8c84fa94-04c1-424b-9868-57a2d4851a1d" relativeResultsDirectory="4eaae94b-b1d8-41f5-b6c1-04959433d7b9" />
    <UnitTestResult executionId="ad1b54e8-9e3c-4b81-83b2-ae8f71f032e8" testId="95d8cf85-eda2-fb28-9aa8-7361dd119715" testName="HotshotLogistics.Tests.TrackingControllerTests.UpdateLocation_WithNullRequest_ReturnsBadRequest" computerName="TRAVLER" duration="00:00:00.0171390" startTime="2025-10-02T00:32:07.5012238-04:00" endTime="2025-10-02T00:32:07.5017394-04:00" testType="13cdc9d9-ddb5-4fa4-a97d-d965ccfc6d4b" outcome="Passed" testListId="8c84fa94-04c1-424b-9868-57a2d4851a1d" relativeResultsDirectory="ad1b54e8-9e3c-4b81-83b2-ae8f71f032e8" />
    <UnitTestResult executionId="94bcf989-19e2-4357-b2dd-9e132fc88d9f" testId="a35f1456-acc6-4e92-e60c-585edb48e302" testName="HotshotLogistics.Tests.RealtimeHubTests.JobStatusUpdated_WithDifferentStatuses_ShouldBroadcastCorrectly(status: InProgress)" computerName="TRAVLER" duration="00:00:00.0307074" startTime="2025-10-02T00:32:07.4337569-04:00" endTime="2025-10-02T00:32:07.4400717-04:00" testType="13cdc9d9-ddb5-4fa4-a97d-d965ccfc6d4b" outcome="Passed" testListId="8c84fa94-04c1-424b-9868-57a2d4851a1d" relativeResultsDirectory="94bcf989-19e2-4357-b2dd-9e132fc88d9f" />
    <UnitTestResult executionId="ebed4878-45e3-4d7f-87ca-a804fe431fbe" testId="e5ebb04d-172d-62d3-0c95-96b3a5ed62ed" testName="HotshotLogistics.Tests.LocationTrackingRepositoryTests.GetByDriverIdAsync_ReturnsLocationTrackingRecordsForCorrectDriver" computerName="TRAVLER" duration="00:00:00.0010000" startTime="2025-10-02T00:32:07.2097900-04:00" endTime="2025-10-02T00:32:07.2099563-04:00" testType="13cdc9d9-ddb5-4fa4-a97d-d965ccfc6d4b" outcome="Failed" testListId="8c84fa94-04c1-424b-9868-57a2d4851a1d" relativeResultsDirectory="ebed4878-45e3-4d7f-87ca-a804fe431fbe">
      <Output>
        <ErrorInfo>
          <Message>System.InvalidOperationException : TEST_DB_PASSWORD environment variable is required for tests</Message>
          <StackTrace>   at HotshotLogistics.Tests.LocationTrackingRepositoryTests..ctor() in c:\git\bolt-hotshot-logistics\5-Test\tests\HotshotLogistics.Tests\LocationTrackingRepositoryTests.cs:line 33&#xD;
   at System.RuntimeType.CreateInstanceDefaultCtor(Boolean publicOnly, Boolean wrapExceptions)</StackTrace>
        </ErrorInfo>
      </Output>
    </UnitTestResult>
    <UnitTestResult executionId="c5ff8fba-2a4a-4240-9d19-a0a8bc4cb295" testId="fba63375-5f22-db2f-bae7-f8e88555dc14" testName="HotshotLogistics.Tests.MappingServiceTests.MappingService_CalculateDistanceAsync_ValidLocations_ReturnsDistanceResult" computerName="TRAVLER" duration="00:00:00.0305704" startTime="2025-10-02T00:32:07.5020856-04:00" endTime="2025-10-02T00:32:07.5335457-04:00" testType="13cdc9d9-ddb5-4fa4-a97d-d965ccfc6d4b" outcome="Passed" testListId="8c84fa94-04c1-424b-9868-57a2d4851a1d" relativeResultsDirectory="c5ff8fba-2a4a-4240-9d19-a0a8bc4cb295" />
    <UnitTestResult executionId="511f9ae3-9083-4355-8d1b-4e980fe3c1c4" testId="864b94d1-92e9-a7de-d904-d2017925a11d" testName="HotshotLogistics.Tests.DriverServiceTests.GetDriverByIdAsync_UsesRepository" computerName="TRAVLER" duration="00:00:00.0043013" startTime="2025-10-02T00:32:07.4474697-04:00" endTime="2025-10-02T00:32:07.4506073-04:00" testType="13cdc9d9-ddb5-4fa4-a97d-d965ccfc6d4b" outcome="Passed" testListId="8c84fa94-04c1-424b-9868-57a2d4851a1d" relativeResultsDirectory="511f9ae3-9083-4355-8d1b-4e980fe3c1c4" />
    <UnitTestResult executionId="2066a46c-3f74-4c25-9769-95d222619eee" testId="4a640f26-cbfc-2849-937f-e4ff554306bb" testName="HotshotLogistics.Tests.Validators.CreateInvoiceValidatorTests.Validate_ValidInvoice_ShouldPass" computerName="TRAVLER" duration="00:00:00.0168215" startTime="2025-10-02T00:32:07.3511184-04:00" endTime="2025-10-02T00:32:07.3517217-04:00" testType="13cdc9d9-ddb5-4fa4-a97d-d965ccfc6d4b" outcome="Passed" testListId="8c84fa94-04c1-424b-9868-57a2d4851a1d" relativeResultsDirectory="2066a46c-3f74-4c25-9769-95d222619eee" />
    <UnitTestResult executionId="bf191523-3eb2-4ac6-97cf-3e95a38f3f22" testId="1f9bd15e-f320-4787-fa29-b37031229e71" testName="HotshotLogistics.Tests.TrackingControllerTests.GetCurrentLocation_WhenLocationExists_ReturnsCurrentLocation" computerName="TRAVLER" duration="00:00:00.0850310" startTime="2025-10-02T00:32:07.3906665-04:00" endTime="2025-10-02T00:32:07.4364583-04:00" testType="13cdc9d9-ddb5-4fa4-a97d-d965ccfc6d4b" outcome="Passed" testListId="8c84fa94-04c1-424b-9868-57a2d4851a1d" relativeResultsDirectory="bf191523-3eb2-4ac6-97cf-3e95a38f3f22" />
    <UnitTestResult executionId="f90f7cfd-cb9a-4e56-a66e-26456f73a86a" testId="5ba168a3-42c9-d5ae-9d97-2b23fb625ae7" testName="HotshotLogistics.Tests.Validators.CreateInvoiceValidatorTests.Validate_PaidAmountExceedsTotal_ShouldFail" computerName="TRAVLER" duration="00:00:00.0085895" startTime="2025-10-02T00:32:07.3733149-04:00" endTime="2025-10-02T00:32:07.3765362-04:00" testType="13cdc9d9-ddb5-4fa4-a97d-d965ccfc6d4b" outcome="Passed" testListId="8c84fa94-04c1-424b-9868-57a2d4851a1d" relativeResultsDirectory="f90f7cfd-cb9a-4e56-a66e-26456f73a86a" />
    <UnitTestResult executionId="0f86c1e3-e0e2-422a-a8a9-526c5e199369" testId="61b53ea6-50fe-5f13-5e2a-5ad0e906e8b1" testName="HotshotLogistics.Tests.InvoiceRepositoryTests.GetOverdueInvoicesAsync_ReturnsOnlyOverdueInvoices" computerName="TRAVLER" duration="00:00:00.0010000" startTime="2025-10-02T00:32:07.0721614-04:00" endTime="2025-10-02T00:32:07.0723506-04:00" testType="13cdc9d9-ddb5-4fa4-a97d-d965ccfc6d4b" outcome="Failed" testListId="8c84fa94-04c1-424b-9868-57a2d4851a1d" relativeResultsDirectory="0f86c1e3-e0e2-422a-a8a9-526c5e199369">
      <Output>
        <ErrorInfo>
          <Message>System.InvalidOperationException : TEST_DB_PASSWORD environment variable is required for tests</Message>
          <StackTrace>   at HotshotLogistics.Tests.InvoiceRepositoryTests..ctor() in c:\git\bolt-hotshot-logistics\5-Test\tests\HotshotLogistics.Tests\InvoiceRepositoryTests.cs:line 34&#xD;
   at System.RuntimeType.CreateInstanceDefaultCtor(Boolean publicOnly, Boolean wrapExceptions)</StackTrace>
        </ErrorInfo>
      </Output>
    </UnitTestResult>
    <UnitTestResult executionId="1cf6fead-ee7e-403b-9c0d-bf2ad2550ed3" testId="b10cd8d3-c03f-4eb7-4855-9e441ee4f4bb" testName="HotshotLogistics.Tests.BillingControllerTests.GenerateInvoice_WithValidJobId_CreatesAndReturnsInvoice" computerName="TRAVLER" duration="00:00:00.0032950" startTime="2025-10-02T00:32:07.5345046-04:00" endTime="2025-10-02T00:32:07.5349022-04:00" testType="13cdc9d9-ddb5-4fa4-a97d-d965ccfc6d4b" outcome="Passed" testListId="8c84fa94-04c1-424b-9868-57a2d4851a1d" relativeResultsDirectory="1cf6fead-ee7e-403b-9c0d-bf2ad2550ed3" />
    <UnitTestResult executionId="f183d037-8ae8-429e-99a1-1f8559603d56" testId="e4f4c6d2-3025-6ded-c5e0-8913d322a82d" testName="HotshotLogistics.Tests.Validators.CreateInvoiceValidatorTests.Validate_EmptyInvoiceNumber_ShouldFail" computerName="TRAVLER" duration="00:00:00.0036154" startTime="2025-10-02T00:32:07.3361960-04:00" endTime="2025-10-02T00:32:07.3379750-04:00" testType="13cdc9d9-ddb5-4fa4-a97d-d965ccfc6d4b" outcome="Passed" testListId="8c84fa94-04c1-424b-9868-57a2d4851a1d" relativeResultsDirectory="f183d037-8ae8-429e-99a1-1f8559603d56" />
    <UnitTestResult executionId="10c7033b-3269-4fec-b2c6-056f436c980d" testId="2ca57908-4408-3c98-0eee-6c2eed063107" testName="HotshotLogistics.Tests.Validators.CreateInvoiceValidatorTests.Validate_InvalidInvoiceNumberFormat_ShouldFail" computerName="TRAVLER" duration="00:00:00.0458548" startTime="2025-10-02T00:32:07.3190054-04:00" endTime="2025-10-02T00:32:07.3355736-04:00" testType="13cdc9d9-ddb5-4fa4-a97d-d965ccfc6d4b" outcome="Passed" testListId="8c84fa94-04c1-424b-9868-57a2d4851a1d" relativeResultsDirectory="10c7033b-3269-4fec-b2c6-056f436c980d" />
    <UnitTestResult executionId="ef76f4aa-4c9a-4f39-ac98-d1653955c739" testId="6afa0cdb-eb69-b5c4-aead-4244394c4320" testName="HotshotLogistics.Tests.LocationTrackingRepositoryTests.ExistsAsync_ReturnsTrueForExistingLocationTrackingRecord" computerName="TRAVLER" duration="00:00:00.0010000" startTime="2025-10-02T00:32:07.2238049-04:00" endTime="2025-10-02T00:32:07.2239623-04:00" testType="13cdc9d9-ddb5-4fa4-a97d-d965ccfc6d4b" outcome="Failed" testListId="8c84fa94-04c1-424b-9868-57a2d4851a1d" relativeResultsDirectory="ef76f4aa-4c9a-4f39-ac98-d1653955c739">
      <Output>
        <ErrorInfo>
          <Message>System.InvalidOperationException : TEST_DB_PASSWORD environment variable is required for tests</Message>
          <StackTrace>   at HotshotLogistics.Tests.LocationTrackingRepositoryTests..ctor() in c:\git\bolt-hotshot-logistics\5-Test\tests\HotshotLogistics.Tests\LocationTrackingRepositoryTests.cs:line 33&#xD;
   at System.RuntimeType.CreateInstanceDefaultCtor(Boolean publicOnly, Boolean wrapExceptions)</StackTrace>
        </ErrorInfo>
      </Output>
    </UnitTestResult>
    <UnitTestResult executionId="c6962f0e-ff43-459e-b1ca-36426897e587" testId="e079d472-8c8a-7ae6-b694-46907fe6366b" testName="HotshotLogistics.Tests.MappingServiceTests.AzureMapsService_ReverseGeocodeAsync_ValidCoordinates_ReturnsReverseGeocodingResult" computerName="TRAVLER" duration="00:00:00.0416001" startTime="2025-10-02T00:32:07.5968657-04:00" endTime="2025-10-02T00:32:07.6388126-04:00" testType="13cdc9d9-ddb5-4fa4-a97d-d965ccfc6d4b" outcome="Passed" testListId="8c84fa94-04c1-424b-9868-57a2d4851a1d" relativeResultsDirectory="c6962f0e-ff43-459e-b1ca-36426897e587" />
    <UnitTestResult executionId="26083c66-bc65-4f31-82eb-31f18ac64299" testId="f0252da6-d408-6966-fbfb-f25800e39c45" testName="HotshotLogistics.Tests.LocationTrackingRepositoryTests.GetByGeographicAreaAsync_ReturnsLocationTrackingRecordsWithinGeographicArea" computerName="TRAVLER" duration="00:00:00.0010000" startTime="2025-10-02T00:32:07.2081266-04:00" endTime="2025-10-02T00:32:07.2082860-04:00" testType="13cdc9d9-ddb5-4fa4-a97d-d965ccfc6d4b" outcome="Failed" testListId="8c84fa94-04c1-424b-9868-57a2d4851a1d" relativeResultsDirectory="26083c66-bc65-4f31-82eb-31f18ac64299">
      <Output>
        <ErrorInfo>
          <Message>System.InvalidOperationException : TEST_DB_PASSWORD environment variable is required for tests</Message>
          <StackTrace>   at HotshotLogistics.Tests.LocationTrackingRepositoryTests..ctor() in c:\git\bolt-hotshot-logistics\5-Test\tests\HotshotLogistics.Tests\LocationTrackingRepositoryTests.cs:line 33&#xD;
   at System.RuntimeType.CreateInstanceDefaultCtor(Boolean publicOnly, Boolean wrapExceptions)</StackTrace>
        </ErrorInfo>
      </Output>
    </UnitTestResult>
    <UnitTestResult executionId="7685bf2c-2cf3-4882-b25f-bcff5f36a4ce" testId="17f2762e-3ccb-81dd-5a00-bb6ab78fc38c" testName="HotshotLogistics.Tests.ExceptionHandlingMiddlewareTests.InvokeAsync_PaymentProcessingException_ReturnsPaymentRequired" computerName="TRAVLER" duration="00:00:00.6347898" startTime="2025-10-02T00:32:07.0067985-04:00" endTime="2025-10-02T00:32:07.5783547-04:00" testType="13cdc9d9-ddb5-4fa4-a97d-d965ccfc6d4b" outcome="Passed" testListId="8c84fa94-04c1-424b-9868-57a2d4851a1d" relativeResultsDirectory="7685bf2c-2cf3-4882-b25f-bcff5f36a4ce" />
    <UnitTestResult executionId="2965cfa1-d53a-4cfd-b915-b4796c33e033" testId="7e2819c7-98d3-a4e0-d8ba-e7e860f30324" testName="HotshotLogistics.Tests.TrackingControllerTests.CheckRouteDeviation_WithValidRequest_ChecksDeviationSuccessfully" computerName="TRAVLER" duration="00:00:00.0067176" startTime="2025-10-02T00:32:07.4539818-04:00" endTime="2025-10-02T00:32:07.4707322-04:00" testType="13cdc9d9-ddb5-4fa4-a97d-d965ccfc6d4b" outcome="Passed" testListId="8c84fa94-04c1-424b-9868-57a2d4851a1d" relativeResultsDirectory="2965cfa1-d53a-4cfd-b915-b4796c33e033" />
    <UnitTestResult executionId="cfcdec13-4971-48d5-8ab7-4f9fc6e7227e" testId="6ac31b8a-5611-924d-cb69-0aa0a7713dce" testName="HotshotLogistics.Tests.CustomerControllerTests.UpdateCreditTerms_WithValidTerms_ReturnsNoContent" computerName="TRAVLER" duration="00:00:00.0032954" startTime="2025-10-02T00:32:07.4539341-04:00" endTime="2025-10-02T00:32:07.4628362-04:00" testType="13cdc9d9-ddb5-4fa4-a97d-d965ccfc6d4b" outcome="Passed" testListId="8c84fa94-04c1-424b-9868-57a2d4851a1d" relativeResultsDirectory="cfcdec13-4971-48d5-8ab7-4f9fc6e7227e" />
    <UnitTestResult executionId="552b01e8-e675-4437-be7f-9c2cdc95eed3" testId="34f1db1c-f5ab-c134-3fc5-0d82b2350995" testName="HotshotLogistics.Tests.RealtimeServiceTests.SendToUser_ShouldSendMessageToUser" computerName="TRAVLER" duration="00:00:00.0236749" startTime="2025-10-02T00:32:07.3962506-04:00" endTime="2025-10-02T00:32:07.4000282-04:00" testType="13cdc9d9-ddb5-4fa4-a97d-d965ccfc6d4b" outcome="Passed" testListId="8c84fa94-04c1-424b-9868-57a2d4851a1d" relativeResultsDirectory="552b01e8-e675-4437-be7f-9c2cdc95eed3" />
    <UnitTestResult executionId="1b12f380-e0df-44d9-904d-aa5738d02f89" testId="1924380b-44dd-2f4f-6149-f4b2beb7ec30" testName="HotshotLogistics.Tests.Validators.CreateInvoiceValidatorTests.Validate_EmptyCustomerId_ShouldFail" computerName="TRAVLER" duration="00:00:00.0046638" startTime="2025-10-02T00:32:07.3122320-04:00" endTime="2025-10-02T00:32:07.3131371-04:00" testType="13cdc9d9-ddb5-4fa4-a97d-d965ccfc6d4b" outcome="Passed" testListId="8c84fa94-04c1-424b-9868-57a2d4851a1d" relativeResultsDirectory="1b12f380-e0df-44d9-904d-aa5738d02f89" />
    <UnitTestResult executionId="88e4afc3-d7ee-4c98-b217-d6d87950eeaa" testId="cffd6010-fcb6-dc20-8c23-44f52e040f68" testName="HotshotLogistics.Tests.CustomerControllerTests.GetCustomerById_WhenCustomerExists_ReturnsCustomer" computerName="TRAVLER" duration="00:00:00.0044407" startTime="2025-10-02T00:32:07.4092849-04:00" endTime="2025-10-02T00:32:07.4282868-04:00" testType="13cdc9d9-ddb5-4fa4-a97d-d965ccfc6d4b" outcome="Passed" testListId="8c84fa94-04c1-424b-9868-57a2d4851a1d" relativeResultsDirectory="88e4afc3-d7ee-4c98-b217-d6d87950eeaa" />
    <UnitTestResult executionId="1a7fb57c-184a-4f37-87fb-5447186232b4" testId="ed20dd89-eba2-34f1-3606-0a30096f84e8" testName="HotshotLogistics.Tests.AuthorizationTests.ResourceOwnerAuthorizationHandler_NullUser_DeniesAccess" computerName="TRAVLER" duration="00:00:00.0010451" startTime="2025-10-02T00:32:07.4369453-04:00" endTime="2025-10-02T00:32:07.4370308-04:00" testType="13cdc9d9-ddb5-4fa4-a97d-d965ccfc6d4b" outcome="Passed" testListId="8c84fa94-04c1-424b-9868-57a2d4851a1d" relativeResultsDirectory="1a7fb57c-184a-4f37-87fb-5447186232b4" />
    <UnitTestResult executionId="1efaa22f-b437-44e9-a880-63e2143bd378" testId="dd1b3d6d-587e-c4cd-ff17-979879a6c66b" testName="HotshotLogistics.Tests.AuthorizationTests.ResourceOwnerAuthorizationHandler_ManagerRole_GrantsAccessToNonSystemResources" computerName="TRAVLER" duration="00:00:00.0009485" startTime="2025-10-02T00:32:07.4387614-04:00" endTime="2025-10-02T00:32:07.4393222-04:00" testType="13cdc9d9-ddb5-4fa4-a97d-d965ccfc6d4b" outcome="Passed" testListId="8c84fa94-04c1-424b-9868-57a2d4851a1d" relativeResultsDirectory="1efaa22f-b437-44e9-a880-63e2143bd378" />
    <UnitTestResult executionId="02c93a5e-b7ae-4f9c-93c0-981edad3d0cd" testId="1db8055f-4d30-d8e5-52fb-d2e1e7b3dcc1" testName="HotshotLogistics.Tests.TrackingControllerTests.StartTracking_WithNullRequest_ReturnsBadRequest" computerName="TRAVLER" duration="00:00:00.0413616" startTime="2025-10-02T00:32:07.3796408-04:00" endTime="2025-10-02T00:32:07.3902901-04:00" testType="13cdc9d9-ddb5-4fa4-a97d-d965ccfc6d4b" outcome="Passed" testListId="8c84fa94-04c1-424b-9868-57a2d4851a1d" relativeResultsDirectory="02c93a5e-b7ae-4f9c-93c0-981edad3d0cd" />
    <UnitTestResult executionId="53d0a0b5-7f1a-4018-96f4-03ca0297c383" testId="13931d84-88b0-c026-d5ff-db8e67f534c1" testName="HotshotLogistics.Tests.CustomerControllerTests.GetCustomerById_WhenCustomerNotFound_ReturnsNotFound" computerName="TRAVLER" duration="00:00:00.0025379" startTime="2025-10-02T00:32:07.4756144-04:00" endTime="2025-10-02T00:32:07.4940687-04:00" testType="13cdc9d9-ddb5-4fa4-a97d-d965ccfc6d4b" outcome="Passed" testListId="8c84fa94-04c1-424b-9868-57a2d4851a1d" relativeResultsDirectory="53d0a0b5-7f1a-4018-96f4-03ca0297c383" />
    <UnitTestResult executionId="f18052f6-0dae-4a5d-aea6-99442e76b9aa" testId="85020d08-2144-7dcc-b906-136ca6cc6b5f" testName="HotshotLogistics.Tests.InvoiceRepositoryTests.GetByJobIdAsync_ReturnsInvoicesForCorrectJob" computerName="TRAVLER" duration="00:00:00.0010000" startTime="2025-10-02T00:32:07.0513586-04:00" endTime="2025-10-02T00:32:07.0514803-04:00" testType="13cdc9d9-ddb5-4fa4-a97d-d965ccfc6d4b" outcome="Failed" testListId="8c84fa94-04c1-424b-9868-57a2d4851a1d" relativeResultsDirectory="f18052f6-0dae-4a5d-aea6-99442e76b9aa">
      <Output>
        <ErrorInfo>
          <Message>System.InvalidOperationException : TEST_DB_PASSWORD environment variable is required for tests</Message>
          <StackTrace>   at HotshotLogistics.Tests.InvoiceRepositoryTests..ctor() in c:\git\bolt-hotshot-logistics\5-Test\tests\HotshotLogistics.Tests\InvoiceRepositoryTests.cs:line 34&#xD;
   at System.RuntimeType.CreateInstanceDefaultCtor(Boolean publicOnly, Boolean wrapExceptions)</StackTrace>
        </ErrorInfo>
      </Output>
    </UnitTestResult>
    <UnitTestResult executionId="e95d231b-78df-46e7-811e-740b64d9bcef" testId="7dbd14db-9042-28da-943d-46e3e1157f7a" testName="HotshotLogistics.Tests.Validators.CreateJobValidatorTests.Validate_EmptyTitle_ShouldFail" computerName="TRAVLER" duration="00:00:00.0013754" startTime="2025-10-02T00:32:07.4706594-04:00" endTime="2025-10-02T00:32:07.4928521-04:00" testType="13cdc9d9-ddb5-4fa4-a97d-d965ccfc6d4b" outcome="Passed" testListId="8c84fa94-04c1-424b-9868-57a2d4851a1d" relativeResultsDirectory="e95d231b-78df-46e7-811e-740b64d9bcef" />
    <UnitTestResult executionId="2ff1ad37-d349-4858-9cab-cc5fff309132" testId="871044af-f496-840f-e2d6-8c2ae3b64a06" testName="HotshotLogistics.Tests.JobRepositoryTests.GetJobsAsync_WithAmountRange_ReturnsCorrectResults" computerName="TRAVLER" duration="00:00:00.0010000" startTime="2025-10-02T00:32:07.1414172-04:00" endTime="2025-10-02T00:32:07.1415251-04:00" testType="13cdc9d9-ddb5-4fa4-a97d-d965ccfc6d4b" outcome="Failed" testListId="8c84fa94-04c1-424b-9868-57a2d4851a1d" relativeResultsDirectory="2ff1ad37-d349-4858-9cab-cc5fff309132">
      <Output>
        <ErrorInfo>
          <Message>System.InvalidOperationException : TEST_DB_PASSWORD environment variable is required for tests</Message>
          <StackTrace>   at HotshotLogistics.Tests.JobRepositoryTests..ctor() in c:\git\bolt-hotshot-logistics\5-Test\tests\HotshotLogistics.Tests\JobRepositoryTests.cs:line 32&#xD;
   at System.RuntimeType.CreateInstanceDefaultCtor(Boolean publicOnly, Boolean wrapExceptions)</StackTrace>
        </ErrorInfo>
      </Output>
    </UnitTestResult>
    <UnitTestResult executionId="991f093c-da13-4114-894b-1af7e731e58a" testId="de4e8bb6-155a-34b0-d01f-1d7af5c86cb8" testName="HotshotLogistics.Tests.InvoiceRepositoryTests.GetByStatusAsync_ReturnsInvoicesWithCorrectStatus" computerName="TRAVLER" duration="00:00:00.0010000" startTime="2025-10-02T00:32:07.0904221-04:00" endTime="2025-10-02T00:32:07.0905397-04:00" testType="13cdc9d9-ddb5-4fa4-a97d-d965ccfc6d4b" outcome="Failed" testListId="8c84fa94-04c1-424b-9868-57a2d4851a1d" relativeResultsDirectory="991f093c-da13-4114-894b-1af7e731e58a">
      <Output>
        <ErrorInfo>
          <Message>System.InvalidOperationException : TEST_DB_PASSWORD environment variable is required for tests</Message>
          <StackTrace>   at HotshotLogistics.Tests.InvoiceRepositoryTests..ctor() in c:\git\bolt-hotshot-logistics\5-Test\tests\HotshotLogistics.Tests\InvoiceRepositoryTests.cs:line 34&#xD;
   at System.RuntimeType.CreateInstanceDefaultCtor(Boolean publicOnly, Boolean wrapExceptions)</StackTrace>
        </ErrorInfo>
      </Output>
    </UnitTestResult>
    <UnitTestResult executionId="1c61d89e-1741-4a6d-928a-2f8ca0a8a256" testId="eb6184f8-bee9-f4ff-e5aa-548b994aa09b" testName="HotshotLogistics.Tests.LocationTrackingRepositoryTests.GetTotalDistanceByDriverIdAsync_ReturnsTotalDistanceForDriverWithinTimeRange" computerName="TRAVLER" duration="00:00:00.0010000" startTime="2025-10-02T00:32:07.2784420-04:00" endTime="2025-10-02T00:32:07.2801734-04:00" testType="13cdc9d9-ddb5-4fa4-a97d-d965ccfc6d4b" outcome="Failed" testListId="8c84fa94-04c1-424b-9868-57a2d4851a1d" relativeResultsDirectory="1c61d89e-1741-4a6d-928a-2f8ca0a8a256">
      <Output>
        <ErrorInfo>
          <Message>System.InvalidOperationException : TEST_DB_PASSWORD environment variable is required for tests</Message>
          <StackTrace>   at HotshotLogistics.Tests.LocationTrackingRepositoryTests..ctor() in c:\git\bolt-hotshot-logistics\5-Test\tests\HotshotLogistics.Tests\LocationTrackingRepositoryTests.cs:line 33&#xD;
   at System.RuntimeType.CreateInstanceDefaultCtor(Boolean publicOnly, Boolean wrapExceptions)</StackTrace>
        </ErrorInfo>
      </Output>
    </UnitTestResult>
    <UnitTestResult executionId="bd3566ae-be5b-4573-b691-c8eccbd16340" testId="1e690067-c645-3a60-abf3-9f0900553813" testName="HotshotLogistics.Tests.InvoiceRepositoryTests.GetByDateRangeAsync_ReturnsInvoicesWithinDateRange" computerName="TRAVLER" duration="00:00:00.0010000" startTime="2025-10-02T00:32:07.0428407-04:00" endTime="2025-10-02T00:32:07.0429751-04:00" testType="13cdc9d9-ddb5-4fa4-a97d-d965ccfc6d4b" outcome="Failed" testListId="8c84fa94-04c1-424b-9868-57a2d4851a1d" relativeResultsDirectory="bd3566ae-be5b-4573-b691-c8eccbd16340">
      <Output>
        <ErrorInfo>
          <Message>System.InvalidOperationException : TEST_DB_PASSWORD environment variable is required for tests</Message>
          <StackTrace>   at HotshotLogistics.Tests.InvoiceRepositoryTests..ctor() in c:\git\bolt-hotshot-logistics\5-Test\tests\HotshotLogistics.Tests\InvoiceRepositoryTests.cs:line 34&#xD;
   at System.RuntimeType.CreateInstanceDefaultCtor(Boolean publicOnly, Boolean wrapExceptions)</StackTrace>
        </ErrorInfo>
      </Output>
    </UnitTestResult>
    <UnitTestResult executionId="03fa6898-bd8a-452f-8146-30148bcd2426" testId="3592ee54-a86e-dfe6-352f-f60dd4ac6aa4" testName="HotshotLogistics.Tests.RealtimeServiceTests.AddUserToGroup_ShouldLogIntent" computerName="TRAVLER" duration="00:00:00.0060858" startTime="2025-10-02T00:32:07.3737504-04:00" endTime="2025-10-02T00:32:07.3760845-04:00" testType="13cdc9d9-ddb5-4fa4-a97d-d965ccfc6d4b" outcome="Passed" testListId="8c84fa94-04c1-424b-9868-57a2d4851a1d" relativeResultsDirectory="03fa6898-bd8a-452f-8146-30148bcd2426" />
    <UnitTestResult executionId="4884a45d-79d2-4261-bbad-24991aa58779" testId="8ab1bccc-0bfa-e9cb-7d26-4eca3e7a4f44" testName="HotshotLogistics.Tests.DataIntegrationTests.JobAssignmentService_AssignJobAsync_CreatesAssignment" computerName="TRAVLER" duration="00:00:00.1038819" startTime="2025-10-02T00:32:07.3115975-04:00" endTime="2025-10-02T00:32:07.3356670-04:00" testType="13cdc9d9-ddb5-4fa4-a97d-d965ccfc6d4b" outcome="Passed" testListId="8c84fa94-04c1-424b-9868-57a2d4851a1d" relativeResultsDirectory="4884a45d-79d2-4261-bbad-24991aa58779" />
    <UnitTestResult executionId="1f1ae4b1-3c35-4c46-abe4-fa1f6a9d6b44" testId="8ce2d62e-eead-a6a7-492c-217f5044ddf7" testName="HotshotLogistics.Tests.MappingServiceTests.MappingService_OptimizeRouteAsync_ValidWaypoints_ReturnsOptimizedResult" computerName="TRAVLER" duration="00:00:00.0187267" startTime="2025-10-02T00:32:07.5774253-04:00" endTime="2025-10-02T00:32:07.5955177-04:00" testType="13cdc9d9-ddb5-4fa4-a97d-d965ccfc6d4b" outcome="Passed" testListId="8c84fa94-04c1-424b-9868-57a2d4851a1d" relativeResultsDirectory="1f1ae4b1-3c35-4c46-abe4-fa1f6a9d6b44" />
    <UnitTestResult executionId="108d4f03-f804-49e3-92f2-369b2e2d4e3c" testId="5d477dbe-9e64-4520-d197-02961f38b015" testName="HotshotLogistics.Tests.CustomerControllerTests.UpdateCreditTerms_WithNullTerms_ReturnsBadRequest" computerName="TRAVLER" duration="00:00:00.0009007" startTime="2025-10-02T00:32:07.3917349-04:00" endTime="2025-10-02T00:32:07.3923118-04:00" testType="13cdc9d9-ddb5-4fa4-a97d-d965ccfc6d4b" outcome="Passed" testListId="8c84fa94-04c1-424b-9868-57a2d4851a1d" relativeResultsDirectory="108d4f03-f804-49e3-92f2-369b2e2d4e3c" />
    <UnitTestResult executionId="fb91463d-6e54-427f-a708-c95496c4b128" testId="936afb25-fe12-8d92-9df4-f20179f147c1" testName="HotshotLogistics.Tests.JobServiceTests.DeleteJobAsync_CallsRepository" computerName="TRAVLER" duration="00:00:00.0074365" startTime="2025-10-02T00:32:07.4939692-04:00" endTime="2025-10-02T00:32:07.4971982-04:00" testType="13cdc9d9-ddb5-4fa4-a97d-d965ccfc6d4b" outcome="Passed" testListId="8c84fa94-04c1-424b-9868-57a2d4851a1d" relativeResultsDirectory="fb91463d-6e54-427f-a708-c95496c4b128" />
    <UnitTestResult executionId="8e44cc51-0f49-4ef9-bdb0-9e1a35253bd8" testId="c7a74f52-35c3-259a-56d2-af6131befefb" testName="HotshotLogistics.Tests.ExceptionHandlingMiddlewareTests.InvokeAsync_ExternalServiceException_ReturnsBadGateway" computerName="TRAVLER" duration="00:00:00.0404081" startTime="2025-10-02T00:32:07.6360572-04:00" endTime="2025-10-02T00:32:07.6782053-04:00" testType="13cdc9d9-ddb5-4fa4-a97d-d965ccfc6d4b" outcome="Passed" testListId="8c84fa94-04c1-424b-9868-57a2d4851a1d" relativeResultsDirectory="8e44cc51-0f49-4ef9-bdb0-9e1a35253bd8" />
    <UnitTestResult executionId="5fe665f9-98e6-4fd3-a7bf-20499d97c4cc" testId="706cb12b-33f8-5b6a-3aec-6639ebcfc00a" testName="HotshotLogistics.Tests.TrackingControllerTests.GetCurrentLocation_WhenLocationNotFound_ReturnsNotFound" computerName="TRAVLER" duration="00:00:00.0049748" startTime="2025-10-02T00:32:07.4499318-04:00" endTime="2025-10-02T00:32:07.4534188-04:00" testType="13cdc9d9-ddb5-4fa4-a97d-d965ccfc6d4b" outcome="Passed" testListId="8c84fa94-04c1-424b-9868-57a2d4851a1d" relativeResultsDirectory="5fe665f9-98e6-4fd3-a7bf-20499d97c4cc" />
    <UnitTestResult executionId="2c85ec5d-820f-4236-9f91-07c6920e9812" testId="a31d1057-4ab1-7148-9b66-1ca5436f44c2" testName="HotshotLogistics.Tests.BillingControllerTests.GenerateInvoice_WhenJobNotFound_ReturnsNotFound" computerName="TRAVLER" duration="00:00:00.0799791" startTime="2025-10-02T00:32:07.4009432-04:00" endTime="2025-10-02T00:32:07.4692970-04:00" testType="13cdc9d9-ddb5-4fa4-a97d-d965ccfc6d4b" outcome="Passed" testListId="8c84fa94-04c1-424b-9868-57a2d4851a1d" relativeResultsDirectory="2c85ec5d-820f-4236-9f91-07c6920e9812" />
    <UnitTestResult executionId="a66e3894-f2ef-4f51-863d-5699b8c4745c" testId="1d3d9963-9526-72ec-b5ac-6206a91a261c" testName="HotshotLogistics.Tests.Validators.CreateJobValidatorTests.Validate_NullCargo_ShouldFail" computerName="TRAVLER" duration="00:00:00.0295644" startTime="2025-10-02T00:32:07.4343677-04:00" endTime="2025-10-02T00:32:07.4406774-04:00" testType="13cdc9d9-ddb5-4fa4-a97d-d965ccfc6d4b" outcome="Passed" testListId="8c84fa94-04c1-424b-9868-57a2d4851a1d" relativeResultsDirectory="a66e3894-f2ef-4f51-863d-5699b8c4745c" />
    <UnitTestResult executionId="7ef656e7-1abc-4931-b981-5fddeb7bb31c" testId="e9f36eec-2c25-54dc-3f5f-902155270236" testName="HotshotLogistics.Tests.CustomerControllerTests.UpdateCustomer_WhenCustomerNotFound_ReturnsNotFound" computerName="TRAVLER" duration="00:00:00.0048605" startTime="2025-10-02T00:32:07.4364021-04:00" endTime="2025-10-02T00:32:07.4388732-04:00" testType="13cdc9d9-ddb5-4fa4-a97d-d965ccfc6d4b" outcome="Passed" testListId="8c84fa94-04c1-424b-9868-57a2d4851a1d" relativeResultsDirectory="7ef656e7-1abc-4931-b981-5fddeb7bb31c" />
    <UnitTestResult executionId="725b01cf-9185-4269-95f3-1971b40bd194" testId="da78fb01-cf49-a249-8fbb-aaaa2ac09a90" testName="HotshotLogistics.Tests.ExceptionHandlingMiddlewareTests.InvokeAsync_GenericException_ReturnsInternalServerError" computerName="TRAVLER" duration="00:00:00.0110251" startTime="2025-10-02T00:32:07.6961994-04:00" endTime="2025-10-02T00:32:07.7076765-04:00" testType="13cdc9d9-ddb5-4fa4-a97d-d965ccfc6d4b" outcome="Passed" testListId="8c84fa94-04c1-424b-9868-57a2d4851a1d" relativeResultsDirectory="725b01cf-9185-4269-95f3-1971b40bd194" />
    <UnitTestResult executionId="26886728-d00b-4a5d-94ed-312469db57ce" testId="84696954-ece8-d6dd-ccb4-62fffd67dd1e" testName="HotshotLogistics.Tests.JobControllerTests.CreateJob_WithInvalidData_ReturnsBadRequest" computerName="TRAVLER" duration="00:00:00.3691566" startTime="2025-10-02T00:32:07.0066080-04:00" endTime="2025-10-02T00:32:07.3778054-04:00" testType="13cdc9d9-ddb5-4fa4-a97d-d965ccfc6d4b" outcome="Passed" testListId="8c84fa94-04c1-424b-9868-57a2d4851a1d" relativeResultsDirectory="26886728-d00b-4a5d-94ed-312469db57ce" />
    <UnitTestResult executionId="4178db32-8212-4c1c-ae48-577ea23cdd28" testId="28ce44fc-870f-592e-c0db-ae5e1d25afeb" testName="HotshotLogistics.Tests.RealtimeServiceTests.SendNotification_WithUserId_ShouldSendToSpecificUser" computerName="TRAVLER" duration="00:00:00.0626879" startTime="2025-10-02T00:32:07.3523614-04:00" endTime="2025-10-02T00:32:07.3734078-04:00" testType="13cdc9d9-ddb5-4fa4-a97d-d965ccfc6d4b" outcome="Passed" testListId="8c84fa94-04c1-424b-9868-57a2d4851a1d" relativeResultsDirectory="4178db32-8212-4c1c-ae48-577ea23cdd28" />
    <UnitTestResult executionId="d8d6777c-1a99-498c-a396-6aa3eb41b668" testId="d8e3ba1c-87cb-958d-b829-b0fd9afcb566" testName="HotshotLogistics.Tests.JobServiceTests.GetJobsAsync_ReturnsJobsFromRepository" computerName="TRAVLER" duration="00:00:00.0028049" startTime="2025-10-02T00:32:07.4974682-04:00" endTime="2025-10-02T00:32:07.4975628-04:00" testType="13cdc9d9-ddb5-4fa4-a97d-d965ccfc6d4b" outcome="Passed" testListId="8c84fa94-04c1-424b-9868-57a2d4851a1d" relativeResultsDirectory="d8d6777c-1a99-498c-a396-6aa3eb41b668" />
    <UnitTestResult executionId="a4530a80-b6f3-47a0-aed1-d411a74c1559" testId="5bbcbdd3-0d8c-5cd8-9a9f-d5d2963a2e95" testName="HotshotLogistics.Tests.Validators.CreateJobValidatorTests.Validate_EarlyDeliveryTime_ShouldFail" computerName="TRAVLER" duration="00:00:00.0019916" startTime="2025-10-02T00:32:07.4084760-04:00" endTime="2025-10-02T00:32:07.4085874-04:00" testType="13cdc9d9-ddb5-4fa4-a97d-d965ccfc6d4b" outcome="Passed" testListId="8c84fa94-04c1-424b-9868-57a2d4851a1d" relativeResultsDirectory="a4530a80-b6f3-47a0-aed1-d411a74c1559" />
    <UnitTestResult executionId="a26510dd-051f-4ad6-9835-2dc90ce48edb" testId="11c20d34-97f0-d6e9-4132-4810a8d3757c" testName="HotshotLogistics.Tests.Validators.DriverRegistrationValidatorTests.Validate_LicenseNotValidForRegistration_ShouldFail" computerName="TRAVLER" duration="00:00:00.0006246" startTime="2025-10-02T00:32:07.1252153-04:00" endTime="2025-10-02T00:32:07.1273519-04:00" testType="13cdc9d9-ddb5-4fa4-a97d-d965ccfc6d4b" outcome="Passed" testListId="8c84fa94-04c1-424b-9868-57a2d4851a1d" relativeResultsDirectory="a26510dd-051f-4ad6-9835-2dc90ce48edb" />
    <UnitTestResult executionId="6121d76e-d79a-45b8-9885-ea17e6a6bddd" testId="39570e47-c0a3-ae15-e936-6fa1ee334147" testName="HotshotLogistics.Tests.Validators.CreateInvoiceValidatorTests.Validate_IncorrectSubtotal_ShouldFail" computerName="TRAVLER" duration="00:00:00.0573824" startTime="2025-10-02T00:32:07.3527634-04:00" endTime="2025-10-02T00:32:07.3727854-04:00" testType="13cdc9d9-ddb5-4fa4-a97d-d965ccfc6d4b" outcome="Passed" testListId="8c84fa94-04c1-424b-9868-57a2d4851a1d" relativeResultsDirectory="6121d76e-d79a-45b8-9885-ea17e6a6bddd" />
    <UnitTestResult executionId="e40d5273-e04a-4278-a9ee-e251f4461dad" testId="4bd5c6e3-2457-8c63-5443-c021e354e64e" testName="HotshotLogistics.Tests.PaymentIntegrationTests.ProcessStripeWebhook_WithValidSignature_ProcessesEvent" computerName="TRAVLER" duration="00:00:00.0048915" startTime="2025-10-02T00:32:13.5827776-04:00" endTime="2025-10-02T00:32:13.5860809-04:00" testType="13cdc9d9-ddb5-4fa4-a97d-d965ccfc6d4b" outcome="Passed" testListId="8c84fa94-04c1-424b-9868-57a2d4851a1d" relativeResultsDirectory="e40d5273-e04a-4278-a9ee-e251f4461dad" />
    <UnitTestResult executionId="dd91fc26-5c53-4dcf-a22d-dd998887fbe4" testId="387d9101-9e30-0ae2-3c83-1af6b6a8bd36" testName="HotshotLogistics.Tests.BillingControllerTests.ProcessPayment_WithValidRequest_ProcessesPaymentSuccessfully" computerName="TRAVLER" duration="00:00:00.0063098" startTime="2025-10-02T00:32:07.5389667-04:00" endTime="2025-10-02T00:32:07.5424170-04:00" testType="13cdc9d9-ddb5-4fa4-a97d-d965ccfc6d4b" outcome="Passed" testListId="8c84fa94-04c1-424b-9868-57a2d4851a1d" relativeResultsDirectory="dd91fc26-5c53-4dcf-a22d-dd998887fbe4" />
    <UnitTestResult executionId="60113dbd-4377-477e-96c5-09449df40caf" testId="d005496d-2eac-0f24-44ca-33017eed86f1" testName="HotshotLogistics.Tests.ConnectionManagerServiceTests.AddConnectionAsync_ShouldStoreConnection_WhenConnectionDoesNotExist" computerName="TRAVLER" duration="00:00:00.0100701" startTime="2025-10-02T00:32:07.4054435-04:00" endTime="2025-10-02T00:32:07.4094261-04:00" testType="13cdc9d9-ddb5-4fa4-a97d-d965ccfc6d4b" outcome="Passed" testListId="8c84fa94-04c1-424b-9868-57a2d4851a1d" relativeResultsDirectory="60113dbd-4377-477e-96c5-09449df40caf" />
    <UnitTestResult executionId="b0e41df3-d2b2-4a80-b9a4-724a6569a9ce" testId="79f4fbdf-4e2c-3bcd-d00e-831687c4b9d0" testName="HotshotLogistics.Tests.RealtimeServiceTests.BroadcastJobStatusUpdate_ShouldSendToJobGroup" computerName="TRAVLER" duration="00:00:00.0075024" startTime="2025-10-02T00:32:07.3854008-04:00" endTime="2025-10-02T00:32:07.3869974-04:00" testType="13cdc9d9-ddb5-4fa4-a97d-d965ccfc6d4b" outcome="Passed" testListId="8c84fa94-04c1-424b-9868-57a2d4851a1d" relativeResultsDirectory="b0e41df3-d2b2-4a80-b9a4-724a6569a9ce" />
    <UnitTestResult executionId="5c313f6c-3a8d-43d9-bc3c-d6fb6d1302c3" testId="f27f4694-5e93-a9ad-0f2c-e07eb9f1565b" testName="HotshotLogistics.Tests.ConnectionManagerServiceTests.SendToUsersAsync_ShouldCallSignalRClientForEachUser" computerName="TRAVLER" duration="00:00:00.0071007" startTime="2025-10-02T00:32:07.5384765-04:00" endTime="2025-10-02T00:32:07.5435288-04:00" testType="13cdc9d9-ddb5-4fa4-a97d-d965ccfc6d4b" outcome="Passed" testListId="8c84fa94-04c1-424b-9868-57a2d4851a1d" relativeResultsDirectory="5c313f6c-3a8d-43d9-bc3c-d6fb6d1302c3" />
    <UnitTestResult executionId="c490e49e-33cf-48ec-ac07-5c737317b5f9" testId="8dfc291a-d646-f228-b51a-dbf213039f0b" testName="HotshotLogistics.Tests.BillingControllerTests.CalculateTax_WithNullRequest_ReturnsBadRequest" computerName="TRAVLER" duration="00:00:00.0010263" startTime="2025-10-02T00:32:07.5536019-04:00" endTime="2025-10-02T00:32:07.5546613-04:00" testType="13cdc9d9-ddb5-4fa4-a97d-d965ccfc6d4b" outcome="Passed" testListId="8c84fa94-04c1-424b-9868-57a2d4851a1d" relativeResultsDirectory="c490e49e-33cf-48ec-ac07-5c737317b5f9" />
    <UnitTestResult executionId="96bad666-0375-4f1c-bd60-fe31602bdc6c" testId="95b1a0ae-c6b2-43cb-15c4-f01a76ad62f6" testName="HotshotLogistics.Tests.CustomerControllerTests.UpdateCreditTerms_WhenCustomerNotFound_ReturnsNotFound" computerName="TRAVLER" duration="00:00:00.0053850" startTime="2025-10-02T00:32:07.3880170-04:00" endTime="2025-10-02T00:32:07.3914002-04:00" testType="13cdc9d9-ddb5-4fa4-a97d-d965ccfc6d4b" outcome="Passed" testListId="8c84fa94-04c1-424b-9868-57a2d4851a1d" relativeResultsDirectory="96bad666-0375-4f1c-bd60-fe31602bdc6c" />
    <UnitTestResult executionId="0190d3eb-a62f-4ab7-891b-0020cb6b6eaf" testId="d99316e0-cc82-fecc-1d1d-ba0115fa29b7" testName="HotshotLogistics.Tests.JobControllerTests.DeleteJob_WhenJobCannotBeDeleted_ReturnsBadRequest" computerName="TRAVLER" duration="00:00:00.0061528" startTime="2025-10-02T00:32:07.3780545-04:00" endTime="2025-10-02T00:32:07.3805207-04:00" testType="13cdc9d9-ddb5-4fa4-a97d-d965ccfc6d4b" outcome="Passed" testListId="8c84fa94-04c1-424b-9868-57a2d4851a1d" relativeResultsDirectory="0190d3eb-a62f-4ab7-891b-0020cb6b6eaf" />
    <UnitTestResult executionId="15f71e9c-4679-4959-b192-c5a495c26c0e" testId="a5cfe215-292b-ccad-f858-9d6fee0f4ea5" testName="HotshotLogistics.Tests.RealtimeServiceTests.BroadcastLocationUpdate_ShouldSendToJobGroup" computerName="TRAVLER" duration="00:00:00.0116872" startTime="2025-10-02T00:32:07.3502487-04:00" endTime="2025-10-02T00:32:07.3512730-04:00" testType="13cdc9d9-ddb5-4fa4-a97d-d965ccfc6d4b" outcome="Passed" testListId="8c84fa94-04c1-424b-9868-57a2d4851a1d" relativeResultsDirectory="15f71e9c-4679-4959-b192-c5a495c26c0e" />
    <UnitTestResult executionId="7e602b46-c9e4-43bc-b9ec-abcf9a9d1374" testId="ff22c2d9-8f6a-8373-4a4d-064ef663e567" testName="HotshotLogistics.Tests.JobControllerTests.AssignDriver_WhenDriverNotAvailable_ReturnsConflict" computerName="TRAVLER" duration="00:00:00.0061550" startTime="2025-10-02T00:32:07.3900791-04:00" endTime="2025-10-02T00:32:07.3918618-04:00" testType="13cdc9d9-ddb5-4fa4-a97d-d965ccfc6d4b" outcome="Passed" testListId="8c84fa94-04c1-424b-9868-57a2d4851a1d" relativeResultsDirectory="7e602b46-c9e4-43bc-b9ec-abcf9a9d1374" />
    <UnitTestResult executionId="7780215a-705e-49a1-bfca-4338d8df7034" testId="4fc2e56c-ce3c-e8a3-f05b-efd0640c0bd6" testName="HotshotLogistics.Tests.CustomerControllerTests.CreateCustomer_WithValidData_CreatesAndReturnsCustomer" computerName="TRAVLER" duration="00:00:00.0237512" startTime="2025-10-02T00:32:07.3926319-04:00" endTime="2025-10-02T00:32:07.3984623-04:00" testType="13cdc9d9-ddb5-4fa4-a97d-d965ccfc6d4b" outcome="Passed" testListId="8c84fa94-04c1-424b-9868-57a2d4851a1d" relativeResultsDirectory="7780215a-705e-49a1-bfca-4338d8df7034" />
    <UnitTestResult executionId="4ef1915a-4fe9-4fee-816f-82f59b81d135" testId="404ae0cd-c64c-8bae-e5f6-424167a5888f" testName="HotshotLogistics.Tests.RealtimeHubTests.LocationUpdated_WhenExceptionThrown_ShouldLogError" computerName="TRAVLER" duration="00:00:00.0265220" startTime="2025-10-02T00:32:07.3983205-04:00" endTime="2025-10-02T00:32:07.4030873-04:00" testType="13cdc9d9-ddb5-4fa4-a97d-d965ccfc6d4b" outcome="Passed" testListId="8c84fa94-04c1-424b-9868-57a2d4851a1d" relativeResultsDirectory="4ef1915a-4fe9-4fee-816f-82f59b81d135" />
    <UnitTestResult executionId="948d76a2-c6a6-4796-84db-aa25654ff769" testId="b73a42f2-44e8-b180-de2e-053e2c58a93c" testName="HotshotLogistics.Tests.InvoiceRepositoryTests.GenerateInvoiceAsync_ThrowsExceptionForNonExistentJob" computerName="TRAVLER" duration="00:00:00.0010000" startTime="2025-10-02T00:32:07.0399261-04:00" endTime="2025-10-02T00:32:07.0401354-04:00" testType="13cdc9d9-ddb5-4fa4-a97d-d965ccfc6d4b" outcome="Failed" testListId="8c84fa94-04c1-424b-9868-57a2d4851a1d" relativeResultsDirectory="948d76a2-c6a6-4796-84db-aa25654ff769">
      <Output>
        <ErrorInfo>
          <Message>System.InvalidOperationException : TEST_DB_PASSWORD environment variable is required for tests</Message>
          <StackTrace>   at HotshotLogistics.Tests.InvoiceRepositoryTests..ctor() in c:\git\bolt-hotshot-logistics\5-Test\tests\HotshotLogistics.Tests\InvoiceRepositoryTests.cs:line 34&#xD;
   at System.RuntimeType.CreateInstanceDefaultCtor(Boolean publicOnly, Boolean wrapExceptions)</StackTrace>
        </ErrorInfo>
      </Output>
    </UnitTestResult>
    <UnitTestResult executionId="db3bb9ab-391d-452b-9708-28a57beab708" testId="8dfa0985-c250-edde-4730-a6b6953980c1" testName="HotshotLogistics.Tests.CustomerControllerTests.GetCustomerInvoices_WhenCustomerExists_ReturnsInvoices" computerName="TRAVLER" duration="00:00:00.0176391" startTime="2025-10-02T00:32:07.4006527-04:00" endTime="2025-10-02T00:32:07.4056223-04:00" testType="13cdc9d9-ddb5-4fa4-a97d-d965ccfc6d4b" outcome="Passed" testListId="8c84fa94-04c1-424b-9868-57a2d4851a1d" relativeResultsDirectory="db3bb9ab-391d-452b-9708-28a57beab708" />
    <UnitTestResult executionId="944b2873-5db8-4664-b268-0942c4ad6065" testId="86c6559b-63fb-bb11-1163-e8df101d5191" testName="HotshotLogistics.Tests.RealtimeServiceTests.RemoveUserFromGroup_ShouldLogIntent" computerName="TRAVLER" duration="00:00:00.0050194" startTime="2025-10-02T00:32:07.3912044-04:00" endTime="2025-10-02T00:32:07.3927900-04:00" testType="13cdc9d9-ddb5-4fa4-a97d-d965ccfc6d4b" outcome="Passed" testListId="8c84fa94-04c1-424b-9868-57a2d4851a1d" relativeResultsDirectory="944b2873-5db8-4664-b268-0942c4ad6065" />
    <UnitTestResult executionId="8e9d5a94-053b-4b8e-a068-61c1ada76e81" testId="56f02c84-2c2c-f2f2-b57b-1610a2cb9b54" testName="HotshotLogistics.Tests.CustomerControllerTests.UpdateCreditLimit_WithNegativeLimit_ReturnsBadRequest" computerName="TRAVLER" duration="00:00:00.0028095" startTime="2025-10-02T00:32:07.4438652-04:00" endTime="2025-10-02T00:32:07.4445350-04:00" testType="13cdc9d9-ddb5-4fa4-a97d-d965ccfc6d4b" outcome="Passed" testListId="8c84fa94-04c1-424b-9868-57a2d4851a1d" relativeResultsDirectory="8e9d5a94-053b-4b8e-a068-61c1ada76e81" />
    <UnitTestResult executionId="5ee3db8b-61ab-4c67-8d82-5892161b7ddb" testId="7935e8e0-898b-30f1-1613-259c72a83432" testName="HotshotLogistics.Tests.TrackingControllerTests.GetPublicTrackingInfo_WhenLocationNotFound_ReturnsNotFound" computerName="TRAVLER" duration="00:00:00.0026100" startTime="2025-10-02T00:32:07.5020336-04:00" endTime="2025-10-02T00:32:07.5029541-04:00" testType="13cdc9d9-ddb5-4fa4-a97d-d965ccfc6d4b" outcome="Passed" testListId="8c84fa94-04c1-424b-9868-57a2d4851a1d" relativeResultsDirectory="5ee3db8b-61ab-4c67-8d82-5892161b7ddb" />
    <UnitTestResult executionId="6cbe525d-0682-4510-8455-6cfc31d4e162" testId="3002f1d2-d76e-d672-f5fe-2521042aac97" testName="HotshotLogistics.Tests.DriverServiceTests.CreateDriverAsync_CallsRepository" computerName="TRAVLER" duration="00:00:00.0031454" startTime="2025-10-02T00:32:07.4530751-04:00" endTime="2025-10-02T00:32:07.4545668-04:00" testType="13cdc9d9-ddb5-4fa4-a97d-d965ccfc6d4b" outcome="Passed" testListId="8c84fa94-04c1-424b-9868-57a2d4851a1d" relativeResultsDirectory="6cbe525d-0682-4510-8455-6cfc31d4e162" />
    <UnitTestResult executionId="a4ab16ee-4745-43a9-bd06-ae8df295ddcc" testId="2444281a-1606-7a41-042a-c996a1a47756" testName="HotshotLogistics.Tests.JobServiceTests.GetJobByIdAsync_UsesRepository" computerName="TRAVLER" duration="00:00:00.0022842" startTime="2025-10-02T00:32:07.4978124-04:00" endTime="2025-10-02T00:32:07.4988515-04:00" testType="13cdc9d9-ddb5-4fa4-a97d-d965ccfc6d4b" outcome="Passed" testListId="8c84fa94-04c1-424b-9868-57a2d4851a1d" relativeResultsDirectory="a4ab16ee-4745-43a9-bd06-ae8df295ddcc" />
    <UnitTestResult executionId="b019fd75-9b42-4098-8519-d048a151eaf5" testId="5471b5f1-e2a9-21f0-843b-eb75ade6be9f" testName="HotshotLogistics.Tests.BillingControllerTests.CalculateTax_WithValidRequest_CalculatesTaxCorrectly" computerName="TRAVLER" duration="00:00:00.0349162" startTime="2025-10-02T00:32:07.4697751-04:00" endTime="2025-10-02T00:32:07.5021270-04:00" testType="13cdc9d9-ddb5-4fa4-a97d-d965ccfc6d4b" outcome="Passed" testListId="8c84fa94-04c1-424b-9868-57a2d4851a1d" relativeResultsDirectory="b019fd75-9b42-4098-8519-d048a151eaf5" />
    <UnitTestResult executionId="558ccea7-75b4-49e0-88e1-d42dd1848960" testId="0ac6fc90-0126-9642-b35f-204f7e72d06a" testName="HotshotLogistics.Tests.NotificationServiceTests.SendSmsAsync_CallsCommunicationService" computerName="TRAVLER" duration="00:00:00.0064318" startTime="2025-10-02T00:32:10.3454949-04:00" endTime="2025-10-02T00:32:10.3513620-04:00" testType="13cdc9d9-ddb5-4fa4-a97d-d965ccfc6d4b" outcome="Passed" testListId="8c84fa94-04c1-424b-9868-57a2d4851a1d" relativeResultsDirectory="558ccea7-75b4-49e0-88e1-d42dd1848960" />
    <UnitTestResult executionId="b66d6fa2-69ff-4847-9373-e4a6d079b6c3" testId="d8d0bbbf-004e-d572-6205-97e3da7d95ed" testName="HotshotLogistics.Tests.JobRepositoryTests.GetJobsAsync_WithFiltering_ReturnsCorrectResults" computerName="TRAVLER" duration="00:00:00.0010000" startTime="2025-10-02T00:32:07.1399278-04:00" endTime="2025-10-02T00:32:07.1400885-04:00" testType="13cdc9d9-ddb5-4fa4-a97d-d965ccfc6d4b" outcome="Failed" testListId="8c84fa94-04c1-424b-9868-57a2d4851a1d" relativeResultsDirectory="b66d6fa2-69ff-4847-9373-e4a6d079b6c3">
      <Output>
        <ErrorInfo>
          <Message>System.InvalidOperationException : TEST_DB_PASSWORD environment variable is required for tests</Message>
          <StackTrace>   at HotshotLogistics.Tests.JobRepositoryTests..ctor() in c:\git\bolt-hotshot-logistics\5-Test\tests\HotshotLogistics.Tests\JobRepositoryTests.cs:line 32&#xD;
   at System.RuntimeType.CreateInstanceDefaultCtor(Boolean publicOnly, Boolean wrapExceptions)</StackTrace>
        </ErrorInfo>
      </Output>
    </UnitTestResult>
    <UnitTestResult executionId="9f10780f-7b2e-473c-adfa-f56a9a682430" testId="9c945aa0-5ee0-4d72-6636-76c6557ef3f2" testName="HotshotLogistics.Tests.JobControllerTests.UpdateJob_WhenJobNotFound_ReturnsNotFound" computerName="TRAVLER" duration="00:00:00.0023958" startTime="2025-10-02T00:32:07.4686106-04:00" endTime="2025-10-02T00:32:07.4698929-04:00" testType="13cdc9d9-ddb5-4fa4-a97d-d965ccfc6d4b" outcome="Passed" testListId="8c84fa94-04c1-424b-9868-57a2d4851a1d" relativeResultsDirectory="9f10780f-7b2e-473c-adfa-f56a9a682430" />
    <UnitTestResult executionId="ef734b53-97d8-4189-966e-82a7c0ab8a7d" testId="3e35f960-e334-6e1d-7a27-4e27e8cffe90" testName="HotshotLogistics.Tests.CustomerControllerTests.DeleteCustomer_WhenCustomerNotFound_ReturnsNotFound" computerName="TRAVLER" duration="00:00:00.0048592" startTime="2025-10-02T00:32:07.3865247-04:00" endTime="2025-10-02T00:32:07.3873128-04:00" testType="13cdc9d9-ddb5-4fa4-a97d-d965ccfc6d4b" outcome="Passed" testListId="8c84fa94-04c1-424b-9868-57a2d4851a1d" relativeResultsDirectory="ef734b53-97d8-4189-966e-82a7c0ab8a7d" />
    <UnitTestResult executionId="53a36106-95c6-46f2-9b95-e64d6c8ea067" testId="de54c3ff-9b44-e718-19c5-bfb8b93a3f64" testName="HotshotLogistics.Tests.Validators.DriverRegistrationValidatorTests.Validate_InvalidEmailFormat_ShouldFail" computerName="TRAVLER" duration="00:00:00.0026220" startTime="2025-10-02T00:32:07.1000856-04:00" endTime="2025-10-02T00:32:07.1189258-04:00" testType="13cdc9d9-ddb5-4fa4-a97d-d965ccfc6d4b" outcome="Passed" testListId="8c84fa94-04c1-424b-9868-57a2d4851a1d" relativeResultsDirectory="53a36106-95c6-46f2-9b95-e64d6c8ea067" />
    <UnitTestResult executionId="b289427b-a34a-4b04-8b4f-23924a0f31c5" testId="e3d3db5a-f137-577d-496b-c3ee58284774" testName="HotshotLogistics.Tests.ConnectionManagerServiceTests.GetUserIdAsync_ShouldReturnUserId_WhenConnectionExists" computerName="TRAVLER" duration="00:00:00.0029945" startTime="2025-10-02T00:32:07.5587136-04:00" endTime="2025-10-02T00:32:07.5616642-04:00" testType="13cdc9d9-ddb5-4fa4-a97d-d965ccfc6d4b" outcome="Passed" testListId="8c84fa94-04c1-424b-9868-57a2d4851a1d" relativeResultsDirectory="b289427b-a34a-4b04-8b4f-23924a0f31c5" />
    <UnitTestResult executionId="c0e6b4cd-194c-499d-afb3-b1e25792f9e9" testId="0b2c3703-ed9b-302d-1f9a-2be30f7c9192" testName="HotshotLogistics.Tests.ExceptionHandlingMiddlewareTests.InvokeAsync_BusinessRuleException_ReturnsUnprocessableEntity" computerName="TRAVLER" duration="00:00:00.0539258" startTime="2025-10-02T00:32:07.5802750-04:00" endTime="2025-10-02T00:32:07.6354386-04:00" testType="13cdc9d9-ddb5-4fa4-a97d-d965ccfc6d4b" outcome="Passed" testListId="8c84fa94-04c1-424b-9868-57a2d4851a1d" relativeResultsDirectory="c0e6b4cd-194c-499d-afb3-b1e25792f9e9" />
    <UnitTestResult executionId="9a3f2571-65f4-4376-b639-336e4b905df2" testId="e33d85d4-d835-d7df-c84e-b5d66ec2e5af" testName="HotshotLogistics.Tests.Validators.CreateJobValidatorTests.Validate_PastPickupTime_ShouldFail" computerName="TRAVLER" duration="00:00:00.0014551" startTime="2025-10-02T00:32:07.4282451-04:00" endTime="2025-10-02T00:32:07.4307045-04:00" testType="13cdc9d9-ddb5-4fa4-a97d-d965ccfc6d4b" outcome="Passed" testListId="8c84fa94-04c1-424b-9868-57a2d4851a1d" relativeResultsDirectory="9a3f2571-65f4-4376-b639-336e4b905df2" />
    <UnitTestResult executionId="0cb9dbcc-e4cf-4efd-b18b-5d8c5bf7abe6" testId="4eacf17b-ccad-d540-418a-d48beaf45c94" testName="HotshotLogistics.Tests.PaymentIntegrationTests.ProcessPayment_WithFailedPayment_ImplementsRetryLogic" computerName="TRAVLER" duration="00:00:06.0457538" startTime="2025-10-02T00:32:07.5379215-04:00" endTime="2025-10-02T00:32:13.5809563-04:00" testType="13cdc9d9-ddb5-4fa4-a97d-d965ccfc6d4b" outcome="Passed" testListId="8c84fa94-04c1-424b-9868-57a2d4851a1d" relativeResultsDirectory="0cb9dbcc-e4cf-4efd-b18b-5d8c5bf7abe6" />
    <UnitTestResult executionId="f777f627-c8a9-4136-96e0-7236f0606d20" testId="baa94092-7f23-24de-4c77-78d40ed68a4f" testName="HotshotLogistics.Tests.NotificationServiceTests.SendEmailAsync_CallsCommunicationService" computerName="TRAVLER" duration="00:00:00.2382148" startTime="2025-10-02T00:32:07.3111205-04:00" endTime="2025-10-02T00:32:07.3768979-04:00" testType="13cdc9d9-ddb5-4fa4-a97d-d965ccfc6d4b" outcome="Passed" testListId="8c84fa94-04c1-424b-9868-57a2d4851a1d" relativeResultsDirectory="f777f627-c8a9-4136-96e0-7236f0606d20" />
    <UnitTestResult executionId="ebab79a6-56ed-4382-b70f-b806761c52d2" testId="0eb3863c-d85f-069e-8740-6225fdb55e17" testName="HotshotLogistics.Tests.JobRepositoryTests.GetJobsByCustomerAsync_ReturnsJobsForCorrectCustomer" computerName="TRAVLER" duration="00:00:00.0010000" startTime="2025-10-02T00:32:07.1512759-04:00" endTime="2025-10-02T00:32:07.1514017-04:00" testType="13cdc9d9-ddb5-4fa4-a97d-d965ccfc6d4b" outcome="Failed" testListId="8c84fa94-04c1-424b-9868-57a2d4851a1d" relativeResultsDirectory="ebab79a6-56ed-4382-b70f-b806761c52d2">
      <Output>
        <ErrorInfo>
          <Message>System.InvalidOperationException : TEST_DB_PASSWORD environment variable is required for tests</Message>
          <StackTrace>   at HotshotLogistics.Tests.JobRepositoryTests..ctor() in c:\git\bolt-hotshot-logistics\5-Test\tests\HotshotLogistics.Tests\JobRepositoryTests.cs:line 32&#xD;
   at System.RuntimeType.CreateInstanceDefaultCtor(Boolean publicOnly, Boolean wrapExceptions)</StackTrace>
        </ErrorInfo>
      </Output>
    </UnitTestResult>
    <UnitTestResult executionId="5192a799-a212-49be-99b4-b4a4fd7d4616" testId="b1376ec8-c643-01c7-9b36-7e2abcac359b" testName="HotshotLogistics.Tests.Validators.CreateJobValidatorTests.Validate_AmountTooHigh_ShouldFail" computerName="TRAVLER" duration="00:00:00.0016524" startTime="2025-10-02T00:32:07.4692138-04:00" endTime="2025-10-02T00:32:07.4703632-04:00" testType="13cdc9d9-ddb5-4fa4-a97d-d965ccfc6d4b" outcome="Passed" testListId="8c84fa94-04c1-424b-9868-57a2d4851a1d" relativeResultsDirectory="5192a799-a212-49be-99b4-b4a4fd7d4616" />
    <UnitTestResult executionId="16b3b754-e40f-4e8b-bd5b-9b64a95b344c" testId="8515f8c1-b016-7330-7e3b-f59e4f81e64f" testName="HotshotLogistics.Tests.MappingServiceTests.AzureMapsService_CalculateRouteAsync_ValidLocations_ReturnsRouteResult" computerName="TRAVLER" duration="00:00:00.4889881" startTime="2025-10-02T00:32:07.0065102-04:00" endTime="2025-10-02T00:32:07.4360250-04:00" testType="13cdc9d9-ddb5-4fa4-a97d-d965ccfc6d4b" outcome="Passed" testListId="8c84fa94-04c1-424b-9868-57a2d4851a1d" relativeResultsDirectory="16b3b754-e40f-4e8b-bd5b-9b64a95b344c" />
    <UnitTestResult executionId="af796bf2-6171-4119-b9ad-1c90ce9a64af" testId="68da8774-514f-d9ca-2ba1-52738023cc5d" testName="HotshotLogistics.Tests.NotificationServiceTests.SendPushNotificationAsync_CallsCommunicationService" computerName="TRAVLER" duration="00:00:00.0067486" startTime="2025-10-02T00:32:07.3771593-04:00" endTime="2025-10-02T00:32:07.3797391-04:00" testType="13cdc9d9-ddb5-4fa4-a97d-d965ccfc6d4b" outcome="Passed" testListId="8c84fa94-04c1-424b-9868-57a2d4851a1d" relativeResultsDirectory="af796bf2-6171-4119-b9ad-1c90ce9a64af" />
    <UnitTestResult executionId="0c69abef-f87a-4372-b9bb-33ad19b620f2" testId="686eb86c-1ab4-2c10-3523-d9336a9add32" testName="HotshotLogistics.Tests.JobRepositoryTests.GetJobsAsync_WithSearchTerm_ReturnsMatchingResults" computerName="TRAVLER" duration="00:00:00.0010000" startTime="2025-10-02T00:32:07.1556027-04:00" endTime="2025-10-02T00:32:07.1557699-04:00" testType="13cdc9d9-ddb5-4fa4-a97d-d965ccfc6d4b" outcome="Failed" testListId="8c84fa94-04c1-424b-9868-57a2d4851a1d" relativeResultsDirectory="0c69abef-f87a-4372-b9bb-33ad19b620f2">
      <Output>
        <ErrorInfo>
          <Message>System.InvalidOperationException : TEST_DB_PASSWORD environment variable is required for tests</Message>
          <StackTrace>   at HotshotLogistics.Tests.JobRepositoryTests..ctor() in c:\git\bolt-hotshot-logistics\5-Test\tests\HotshotLogistics.Tests\JobRepositoryTests.cs:line 32&#xD;
   at System.RuntimeType.CreateInstanceDefaultCtor(Boolean publicOnly, Boolean wrapExceptions)</StackTrace>
        </ErrorInfo>
      </Output>
    </UnitTestResult>
    <UnitTestResult executionId="a3f6e064-486a-4a61-ad5d-faf8ececf99b" testId="7e47f620-f0f4-e4c2-a6ef-1a47f86c4cdb" testName="HotshotLogistics.Tests.DataIntegrationTests.DriverService_CreateDriver_CallsRepository" computerName="TRAVLER" duration="00:00:00.0992767" startTime="2025-10-02T00:32:07.0942815-04:00" endTime="2025-10-02T00:32:07.3112487-04:00" testType="13cdc9d9-ddb5-4fa4-a97d-d965ccfc6d4b" outcome="Passed" testListId="8c84fa94-04c1-424b-9868-57a2d4851a1d" relativeResultsDirectory="a3f6e064-486a-4a61-ad5d-faf8ececf99b" />
    <UnitTestResult executionId="e49d90b2-57f3-4c77-92aa-20f3dce2bdf7" testId="bb789f9f-ca94-41ad-0b0a-cb270fc9804b" testName="HotshotLogistics.Tests.RealtimeHubTests.JobStatusUpdated_ShouldBroadcastToJobGroup" computerName="TRAVLER" duration="00:00:00.0164556" startTime="2025-10-02T00:32:07.5075216-04:00" endTime="2025-10-02T00:32:07.5326960-04:00" testType="13cdc9d9-ddb5-4fa4-a97d-d965ccfc6d4b" outcome="Passed" testListId="8c84fa94-04c1-424b-9868-57a2d4851a1d" relativeResultsDirectory="e49d90b2-57f3-4c77-92aa-20f3dce2bdf7" />
    <UnitTestResult executionId="0f2af860-a94f-43c2-93b7-e99b4acf45d0" testId="a40d37b7-ef70-da34-65f6-c0aebe2c7f49" testName="HotshotLogistics.Tests.JobServiceTests.CreateJobAsync_CallsRepository" computerName="TRAVLER" duration="00:00:00.0199173" startTime="2025-10-02T00:32:07.4433855-04:00" endTime="2025-10-02T00:32:07.4937056-04:00" testType="13cdc9d9-ddb5-4fa4-a97d-d965ccfc6d4b" outcome="Passed" testListId="8c84fa94-04c1-424b-9868-57a2d4851a1d" relativeResultsDirectory="0f2af860-a94f-43c2-93b7-e99b4acf45d0" />
    <UnitTestResult executionId="d6887a0d-7db3-4af2-add9-f90ca4e29aab" testId="323e8228-f50c-3d1c-812a-199986909a12" testName="HotshotLogistics.Tests.JobControllerTests.DeleteJob_WhenJobExists_ReturnsNoContent" computerName="TRAVLER" duration="00:00:00.0036724" startTime="2025-10-02T00:32:07.3860564-04:00" endTime="2025-10-02T00:32:07.3866327-04:00" testType="13cdc9d9-ddb5-4fa4-a97d-d965ccfc6d4b" outcome="Passed" testListId="8c84fa94-04c1-424b-9868-57a2d4851a1d" relativeResultsDirectory="d6887a0d-7db3-4af2-add9-f90ca4e29aab" />
    <UnitTestResult executionId="0a9ddeb4-5bd9-43ee-804f-a67024a9a55b" testId="2a627f25-0946-b75f-f55a-67d1e1bcd40c" testName="HotshotLogistics.Tests.LocationTrackingRepositoryTests.GetLatestByJobIdAsync_ReturnsLatestLocationTrackingRecordForJob" computerName="TRAVLER" duration="00:00:00.0010000" startTime="2025-10-02T00:32:07.1885852-04:00" endTime="2025-10-02T00:32:07.1887182-04:00" testType="13cdc9d9-ddb5-4fa4-a97d-d965ccfc6d4b" outcome="Failed" testListId="8c84fa94-04c1-424b-9868-57a2d4851a1d" relativeResultsDirectory="0a9ddeb4-5bd9-43ee-804f-a67024a9a55b">
      <Output>
        <ErrorInfo>
          <Message>System.InvalidOperationException : TEST_DB_PASSWORD environment variable is required for tests</Message>
          <StackTrace>   at HotshotLogistics.Tests.LocationTrackingRepositoryTests..ctor() in c:\git\bolt-hotshot-logistics\5-Test\tests\HotshotLogistics.Tests\LocationTrackingRepositoryTests.cs:line 33&#xD;
   at System.RuntimeType.CreateInstanceDefaultCtor(Boolean publicOnly, Boolean wrapExceptions)</StackTrace>
        </ErrorInfo>
      </Output>
    </UnitTestResult>
    <UnitTestResult executionId="538f13ed-b985-4a95-9e16-084c2529d435" testId="051dde2f-8967-1717-6f2b-b2dc44cb9681" testName="HotshotLogistics.Tests.Validators.DriverRegistrationValidatorTests.Validate_LicenseExpiresTooSoon_ShouldFail" computerName="TRAVLER" duration="00:00:00.0919480" startTime="2025-10-02T00:32:07.0068433-04:00" endTime="2025-10-02T00:32:07.0990486-04:00" testType="13cdc9d9-ddb5-4fa4-a97d-d965ccfc6d4b" outcome="Passed" testListId="8c84fa94-04c1-424b-9868-57a2d4851a1d" relativeResultsDirectory="538f13ed-b985-4a95-9e16-084c2529d435" />
    <UnitTestResult executionId="188949d0-3cb1-47a1-afb4-2d448237abd1" testId="a4dcf98c-afb5-6630-29a6-3fd5f95891de" testName="HotshotLogistics.Tests.CustomerControllerTests.GetActiveCustomers_ReturnsActiveCustomers" computerName="TRAVLER" duration="00:00:00.0063882" startTime="2025-10-02T00:32:07.4078165-04:00" endTime="2025-10-02T00:32:07.4089500-04:00" testType="13cdc9d9-ddb5-4fa4-a97d-d965ccfc6d4b" outcome="Passed" testListId="8c84fa94-04c1-424b-9868-57a2d4851a1d" relativeResultsDirectory="188949d0-3cb1-47a1-afb4-2d448237abd1" />
    <UnitTestResult executionId="97c81122-629e-43ae-83a9-fac2cfe41ec9" testId="de641943-324a-753f-88c8-80d71635cc35" testName="HotshotLogistics.Tests.Validators.DriverRegistrationValidatorTests.Validate_EmptyLicenseNumber_ShouldFail" computerName="TRAVLER" duration="00:00:00.0005217" startTime="2025-10-02T00:32:07.1236719-04:00" endTime="2025-10-02T00:32:07.1238364-04:00" testType="13cdc9d9-ddb5-4fa4-a97d-d965ccfc6d4b" outcome="Passed" testListId="8c84fa94-04c1-424b-9868-57a2d4851a1d" relativeResultsDirectory="97c81122-629e-43ae-83a9-fac2cfe41ec9" />
    <UnitTestResult executionId="b3cd9cda-613f-4e34-8e79-36bcad5d33ec" testId="21c19df4-eb54-b3e9-bcb3-abb1d6212088" testName="HotshotLogistics.Tests.InvoiceRepositoryTests.GetByIdAsync_RetrievesInvoiceSuccessfully" computerName="TRAVLER" duration="00:00:00.0010000" startTime="2025-10-02T00:32:07.0459468-04:00" endTime="2025-10-02T00:32:07.0460695-04:00" testType="13cdc9d9-ddb5-4fa4-a97d-d965ccfc6d4b" outcome="Failed" testListId="8c84fa94-04c1-424b-9868-57a2d4851a1d" relativeResultsDirectory="b3cd9cda-613f-4e34-8e79-36bcad5d33ec">
      <Output>
        <ErrorInfo>
          <Message>System.InvalidOperationException : TEST_DB_PASSWORD environment variable is required for tests</Message>
          <StackTrace>   at HotshotLogistics.Tests.InvoiceRepositoryTests..ctor() in c:\git\bolt-hotshot-logistics\5-Test\tests\HotshotLogistics.Tests\InvoiceRepositoryTests.cs:line 34&#xD;
   at System.RuntimeType.CreateInstanceDefaultCtor(Boolean publicOnly, Boolean wrapExceptions)</StackTrace>
        </ErrorInfo>
      </Output>
    </UnitTestResult>
    <UnitTestResult executionId="4c5e8862-7be9-4807-9fbd-3a2ceaa5cacf" testId="a22854e2-ebbc-42ee-0709-0e2df5bfa61a" testName="HotshotLogistics.Tests.TrackingControllerTests.StartTracking_WithEmptyJobId_ReturnsBadRequest" computerName="TRAVLER" duration="00:00:00.0008873" startTime="2025-10-02T00:32:07.4936003-04:00" endTime="2025-10-02T00:32:07.4943005-04:00" testType="13cdc9d9-ddb5-4fa4-a97d-d965ccfc6d4b" outcome="Passed" testListId="8c84fa94-04c1-424b-9868-57a2d4851a1d" relativeResultsDirectory="4c5e8862-7be9-4807-9fbd-3a2ceaa5cacf" />
    <UnitTestResult executionId="b0db1622-ff18-456d-8242-65a938167ce1" testId="9c047ea0-bc40-9d9d-f12f-00dc501ed780" testName="HotshotLogistics.Tests.RealtimeHubTests.JobStatusUpdated_WithDifferentStatuses_ShouldBroadcastCorrectly(status: Cancelled)" computerName="TRAVLER" duration="00:00:00.0018783" startTime="2025-10-02T00:32:07.4544568-04:00" endTime="2025-10-02T00:32:07.4620945-04:00" testType="13cdc9d9-ddb5-4fa4-a97d-d965ccfc6d4b" outcome="Passed" testListId="8c84fa94-04c1-424b-9868-57a2d4851a1d" relativeResultsDirectory="b0db1622-ff18-456d-8242-65a938167ce1" />
[...]
[xUnit.net 00:00:00.75]            at System.RuntimeType.CreateInstanceDefaultCtor(Boolean publicOnly, Boolean wrapExceptions)&#xD;
[xUnit.net 00:00:00.75]       System.InvalidOperationException : TEST_DB_PASSWORD environment variable is required for tests&#xD;
[xUnit.net 00:00:00.75]       Stack Trace:&#xD;
[xUnit.net 00:00:00.75]         c:\git\bolt-hotshot-logistics\5-Test\tests\HotshotLogistics.Tests\LocationTrackingRepositoryTests.cs(33,0): at HotshotLogistics.Tests.LocationTrackingRepositoryTests..ctor()&#xD;
[xUnit.net 00:00:00.75]            at System.RuntimeType.CreateInstanceDefaultCtor(Boolean publicOnly, Boolean wrapExceptions)&#xD;
[xUnit.net 00:00:00.76]       System.InvalidOperationException : TEST_DB_PASSWORD environment variable is required for tests&#xD;
[xUnit.net 00:00:00.76]       Stack Trace:&#xD;
[xUnit.net 00:00:00.76]         c:\git\bolt-hotshot-logistics\5-Test\tests\HotshotLogistics.Tests\LocationTrackingRepositoryTests.cs(33,0): at HotshotLogistics.Tests.LocationTrackingRepositoryTests..ctor()&#xD;
[xUnit.net 00:00:00.76]            at System.RuntimeType.CreateInstanceDefaultCtor(Boolean publicOnly, Boolean wrapExceptions)&#xD;
[xUnit.net 00:00:00.76]       System.InvalidOperationException : TEST_DB_PASSWORD environment variable is required for tests&#xD;
[xUnit.net 00:00:00.76]       Stack Trace:&#xD;
[xUnit.net 00:00:00.76]         c:\git\bolt-hotshot-logistics\5-Test\tests\HotshotLogistics.Tests\LocationTrackingRepositoryTests.cs(33,0): at HotshotLogistics.Tests.LocationTrackingRepositoryTests..ctor()&#xD;
[xUnit.net 00:00:00.76]            at System.RuntimeType.CreateInstanceDefaultCtor(Boolean publicOnly, Boolean wrapExceptions)&#xD;
[xUnit.net 00:00:00.76]       System.InvalidOperationException : TEST_DB_PASSWORD environment variable is required for tests&#xD;
[xUnit.net 00:00:00.76]       Stack Trace:&#xD;
[xUnit.net 00:00:00.76]         c:\git\bolt-hotshot-logistics\5-Test\tests\HotshotLogistics.Tests\LocationTrackingRepositoryTests.cs(33,0): at HotshotLogistics.Tests.LocationTrackingRepositoryTests..ctor()&#xD;
[xUnit.net 00:00:00.76]            at System.RuntimeType.CreateInstanceDefaultCtor(Boolean publicOnly, Boolean wrapExceptions)&#xD;
[xUnit.net 00:00:00.76]       System.InvalidOperationException : TEST_DB_PASSWORD environment variable is required for tests&#xD;
[xUnit.net 00:00:00.76]       Stack Trace:&#xD;
[xUnit.net 00:00:00.76]         c:\git\bolt-hotshot-logistics\5-Test\tests\HotshotLogistics.Tests\LocationTrackingRepositoryTests.cs(33,0): at HotshotLogistics.Tests.LocationTrackingRepositoryTests..ctor()&#xD;
[xUnit.net 00:00:00.76]            at System.RuntimeType.CreateInstanceDefaultCtor(Boolean publicOnly, Boolean wrapExceptions)&#xD;
[xUnit.net 00:00:00.76]       System.InvalidOperationException : TEST_DB_PASSWORD environment variable is required for tests&#xD;
[xUnit.net 00:00:00.76]       Stack Trace:&#xD;
[xUnit.net 00:00:00.76]         c:\git\bolt-hotshot-logistics\5-Test\tests\HotshotLogistics.Tests\LocationTrackingRepositoryTests.cs(33,0): at HotshotLogistics.Tests.LocationTrackingRepositoryTests..ctor()&#xD;
[xUnit.net 00:00:00.76]            at System.RuntimeType.CreateInstanceDefaultCtor(Boolean publicOnly, Boolean wrapExceptions)&#xD;
[xUnit.net 00:00:00.77]       System.InvalidOperationException : TEST_DB_PASSWORD environment variable is required for tests&#xD;
[xUnit.net 00:00:00.77]       Stack Trace:&#xD;
[xUnit.net 00:00:00.77]         c:\git\bolt-hotshot-logistics\5-Test\tests\HotshotLogistics.Tests\LocationTrackingRepositoryTests.cs(33,0): at HotshotLogistics.Tests.LocationTrackingRepositoryTests..ctor()&#xD;
[xUnit.net 00:00:00.77]            at System.RuntimeType.CreateInstanceDefaultCtor(Boolean publicOnly, Boolean wrapExceptions)&#xD;
[xUnit.net 00:00:00.77]       System.InvalidOperationException : TEST_DB_PASSWORD environment variable is required for tests&#xD;
[xUnit.net 00:00:00.77]       Stack Trace:&#xD;
[xUnit.net 00:00:00.77]         c:\git\bolt-hotshot-logistics\5-Test\tests\HotshotLogistics.Tests\LocationTrackingRepositoryTests.cs(33,0): at HotshotLogistics.Tests.LocationTrackingRepositoryTests..ctor()&#xD;
[xUnit.net 00:00:00.78]            at System.RuntimeType.CreateInstanceDefaultCtor(Boolean publicOnly, Boolean wrapExceptions)&#xD;
[xUnit.net 00:00:00.78]       System.InvalidOperationException : TEST_DB_PASSWORD environment variable is required for tests&#xD;
[xUnit.net 00:00:00.78]       Stack Trace:&#xD;
[xUnit.net 00:00:00.78]         c:\git\bolt-hotshot-logistics\5-Test\tests\HotshotLogistics.Tests\LocationTrackingRepositoryTests.cs(33,0): at HotshotLogistics.Tests.LocationTrackingRepositoryTests..ctor()&#xD;
[xUnit.net 00:00:00.78]            at System.RuntimeType.CreateInstanceDefaultCtor(Boolean publicOnly, Boolean wrapExceptions)&#xD;
[xUnit.net 00:00:00.78]       System.InvalidOperationException : TEST_DB_PASSWORD environment variable is required for tests&#xD;
[xUnit.net 00:00:00.78]       Stack Trace:&#xD;
[xUnit.net 00:00:00.78]         c:\git\bolt-hotshot-logistics\5-Test\tests\HotshotLogistics.Tests\LocationTrackingRepositoryTests.cs(33,0): at HotshotLogistics.Tests.LocationTrackingRepositoryTests..ctor()&#xD;
[xUnit.net 00:00:00.78]            at System.RuntimeType.CreateInstanceDefaultCtor(Boolean publicOnly, Boolean wrapExceptions)&#xD;
[xUnit.net 00:00:00.84]       System.InvalidOperationException : TEST_DB_PASSWORD environment variable is required for tests&#xD;
[xUnit.net 00:00:00.84]       Stack Trace:&#xD;
[xUnit.net 00:00:00.84]         c:\git\bolt-hotshot-logistics\5-Test\tests\HotshotLogistics.Tests\LocationTrackingRepositoryTests.cs(33,0): at HotshotLogistics.Tests.LocationTrackingRepositoryTests..ctor()&#xD;
[xUnit.net 00:00:00.84]            at System.RuntimeType.CreateInstanceDefaultCtor(Boolean publicOnly, Boolean wrapExceptions)&#xD;
[xUnit.net 00:00:00.86]       System.InvalidOperationException : TEST_DB_PASSWORD environment variable is required for tests&#xD;
[xUnit.net 00:00:00.86]       Stack Trace:&#xD;
[xUnit.net 00:00:00.86]         c:\git\bolt-hotshot-logistics\5-Test\tests\HotshotLogistics.Tests\LocationTrackingRepositoryTests.cs(33,0): at HotshotLogistics.Tests.LocationTrackingRepositoryTests..ctor()&#xD;
[xUnit.net 00:00:00.86]            at System.RuntimeType.CreateInstanceDefaultCtor(Boolean publicOnly, Boolean wrapExceptions)&#xD;
[xUnit.net 00:00:07.14]   Finished:    HotshotLogistics.Tests&#xD;
</StdOut>
    </Output>
    <RunInfos>
      <RunInfo computerName="TRAVLER" outcome="Error" timestamp="2025-10-02T00:32:07.0496858-04:00">
        <Text>[xUnit.net 00:00:00.57]     HotshotLogistics.Tests.InvoiceRepositoryTests.GetInvoicesDueWithinDaysAsync_ReturnsInvoicesDueWithinDays [FAIL]</Text>
      </RunInfo>
      <RunInfo computerName="TRAVLER" outcome="Error" timestamp="2025-10-02T00:32:07.0502973-04:00">
        <Text>[xUnit.net 00:00:00.59]     HotshotLogistics.Tests.InvoiceRepositoryTests.GenerateInvoiceAsync_ThrowsExceptionForNonExistentJob [FAIL]</Text>
      </RunInfo>
      <RunInfo computerName="TRAVLER" outcome="Error" timestamp="2025-10-02T00:32:07.0504514-04:00">
        <Text>[xUnit.net 00:00:00.60]     HotshotLogistics.Tests.InvoiceRepositoryTests.GetByDateRangeAsync_ReturnsInvoicesWithinDateRange [FAIL]</Text>
      </RunInfo>
      <RunInfo computerName="TRAVLER" outcome="Error" timestamp="2025-10-02T00:32:07.0506692-04:00">
        <Text>[xUnit.net 00:00:00.60]     HotshotLogistics.Tests.InvoiceRepositoryTests.GenerateInvoiceAsync_CreatesInvoiceFromJobData [FAIL]</Text>
      </RunInfo>
      <RunInfo computerName="TRAVLER" outcome="Error" timestamp="2025-10-02T00:32:07.0508534-04:00">
        <Text>[xUnit.net 00:00:00.60]     HotshotLogistics.Tests.InvoiceRepositoryTests.GetByIdAsync_RetrievesInvoiceSuccessfully [FAIL]</Text>
      </RunInfo>
      <RunInfo computerName="TRAVLER" outcome="Error" timestamp="2025-10-02T00:32:07.0510042-04:00">
        <Text>[xUnit.net 00:00:00.60]     HotshotLogistics.Tests.InvoiceRepositoryTests.GetNextInvoiceNumberAsync_ReturnsNextAvailableInvoiceNumber [FAIL]</Text>
      </RunInfo>
      <RunInfo computerName="TRAVLER" outcome="Error" timestamp="2025-10-02T00:32:07.0519904-04:00">
        <Text>[xUnit.net 00:00:00.60]     HotshotLogistics.Tests.InvoiceRepositoryTests.GetByJobIdAsync_ReturnsInvoicesForCorrectJob [FAIL]</Text>
      </RunInfo>
      <RunInfo computerName="TRAVLER" outcome="Error" timestamp="2025-10-02T00:32:07.0528637-04:00">
        <Text>[xUnit.net 00:00:00.60]     HotshotLogistics.Tests.InvoiceRepositoryTests.UpdatePaidAmountAsync_UpdatesPaidAmountSuccessfully [FAIL]</Text>
      </RunInfo>
      <RunInfo computerName="TRAVLER" outcome="Error" timestamp="2025-10-02T00:32:07.1200165-04:00">
        <Text>[xUnit.net 00:00:00.62]     HotshotLogistics.Tests.InvoiceRepositoryTests.GetOverdueInvoicesAsync_ReturnsOnlyOverdueInvoices [FAIL]</Text>
      </RunInfo>
      <RunInfo computerName="TRAVLER" outcome="Error" timestamp="2025-10-02T00:32:07.1201894-04:00">
        <Text>[xUnit.net 00:00:00.63]     HotshotLogistics.Tests.InvoiceRepositoryTests.GetOutstandingBalanceAsync_ReturnsCorrectOutstandingBalance [FAIL]</Text>
      </RunInfo>
      <RunInfo computerName="TRAVLER" outcome="Error" timestamp="2025-10-02T00:32:07.1203304-04:00">
        <Text>[xUnit.net 00:00:00.63]     HotshotLogistics.Tests.InvoiceRepositoryTests.GetByCustomerIdAsync_ReturnsInvoicesForCorrectCustomer [FAIL]</Text>
      </RunInfo>
      <RunInfo computerName="TRAVLER" outcome="Error" timestamp="2025-10-02T00:32:07.1205014-04:00">
        <Text>[xUnit.net 00:00:00.63]     HotshotLogistics.Tests.InvoiceRepositoryTests.GetAgingReportAsync_ReturnsAgingReportData [FAIL]</Text>
      </RunInfo>
      <RunInfo computerName="TRAVLER" outcome="Error" timestamp="2025-10-02T00:32:07.1206522-04:00">
        <Text>[xUnit.net 00:00:00.63]     HotshotLogistics.Tests.InvoiceRepositoryTests.GetPagedAsync_ReturnsPaginatedResultsWithFiltering [FAIL]</Text>
      </RunInfo>
      <RunInfo computerName="TRAVLER" outcome="Error" timestamp="2025-10-02T00:32:07.1208348-04:00">
        <Text>[xUnit.net 00:00:00.63]     HotshotLogistics.Tests.InvoiceRepositoryTests.UpdateAsync_UpdatesInvoiceSuccessfully [FAIL]</Text>
      </RunInfo>
      <RunInfo computerName="TRAVLER" outcome="Error" timestamp="2025-10-02T00:32:07.1210122-04:00">
        <Text>[xUnit.net 00:00:00.63]     HotshotLogistics.Tests.InvoiceRepositoryTests.UpdateStatusAsync_UpdatesStatusSuccessfully [FAIL]</Text>
      </RunInfo>
      <RunInfo computerName="TRAVLER" outcome="Error" timestamp="2025-10-02T00:32:07.1211717-04:00">
        <Text>[xUnit.net 00:00:00.63]     HotshotLogistics.Tests.InvoiceRepositoryTests.AddAsync_CreatesInvoiceSuccessfully [FAIL]</Text>
      </RunInfo>
      <RunInfo computerName="TRAVLER" outcome="Error" timestamp="2025-10-02T00:32:07.1214840-04:00">
        <Text>[xUnit.net 00:00:00.64]     HotshotLogistics.Tests.InvoiceRepositoryTests.GetInvoiceSummaryAsync_ReturnsCorrectSummaryStatistics [FAIL]</Text>
      </RunInfo>
      <RunInfo computerName="TRAVLER" outcome="Error" timestamp="2025-10-02T00:32:07.1528414-04:00">
        <Text>[xUnit.net 00:00:00.64]     HotshotLogistics.Tests.InvoiceRepositoryTests.SearchByInvoiceNumberAsync_ReturnsMatchingInvoices [FAIL]</Text>
      </RunInfo>
      <RunInfo computerName="TRAVLER" outcome="Error" timestamp="2025-10-02T00:32:07.1529748-04:00">
        <Text>[xUnit.net 00:00:00.64]     HotshotLogistics.Tests.InvoiceRepositoryTests.GetByStatusAsync_ReturnsInvoicesWithCorrectStatus [FAIL]</Text>
      </RunInfo>
      <RunInfo computerName="TRAVLER" outcome="Error" timestamp="2025-10-02T00:32:07.1555965-04:00">
        <Text>[xUnit.net 00:00:00.69]     HotshotLogistics.Tests.JobRepositoryTests.GetOverdueJobsAsync_ReturnsOnlyOverdueJobs [FAIL]</Text>
      </RunInfo>
      <RunInfo computerName="TRAVLER" outcome="Error" timestamp="2025-10-02T00:32:07.1562829-04:00">
        <Text>[xUnit.net 00:00:00.69]     HotshotLogistics.Tests.JobRepositoryTests.GetJobsAsync_WithFiltering_ReturnsCorrectResults [FAIL]</Text>
      </RunInfo>
      <RunInfo computerName="TRAVLER" outcome="Error" timestamp="2025-10-02T00:32:07.1564298-04:00">
        <Text>[xUnit.net 00:00:00.69]     HotshotLogistics.Tests.JobRepositoryTests.GetJobsAsync_WithAmountRange_ReturnsCorrectResults [FAIL]</Text>
      </RunInfo>
      <RunInfo computerName="TRAVLER" outcome="Error" timestamp="2025-10-02T00:32:07.1565770-04:00">
        <Text>[xUnit.net 00:00:00.69]     HotshotLogistics.Tests.JobRepositoryTests.GetJobsAsync_WithPagination_ReturnsCorrectPage [FAIL]</Text>
      </RunInfo>
      <RunInfo computerName="TRAVLER" outcome="Error" timestamp="2025-10-02T00:32:07.1567177-04:00">
        <Text>[xUnit.net 00:00:00.70]     HotshotLogistics.Tests.JobRepositoryTests.GetJobsByDriverAsync_ReturnsJobsForCorrectDriver [FAIL]</Text>
      </RunInfo>
      <RunInfo computerName="TRAVLER" outcome="Error" timestamp="2025-10-02T00:32:07.1582241-04:00">
        <Text>[xUnit.net 00:00:00.70]     HotshotLogistics.Tests.JobRepositoryTests.GetJobsByStatusAsync_ReturnsJobsWithCorrectStatus [FAIL]</Text>
      </RunInfo>
      <RunInfo computerName="TRAVLER" outcome="Error" timestamp="2025-10-02T00:32:07.1584610-04:00">
        <Text>[xUnit.net 00:00:00.70]     HotshotLogistics.Tests.JobRepositoryTests.GetJobsAsync_WithMultipleStatuses_ReturnsCorrectResults [FAIL]</Text>
      </RunInfo>
      <RunInfo computerName="TRAVLER" outcome="Error" timestamp="2025-10-02T00:32:07.1588068-04:00">
        <Text>[xUnit.net 00:00:00.70]     HotshotLogistics.Tests.JobRepositoryTests.GetJobCountAsync_ReturnsCorrectCount [FAIL]</Text>
      </RunInfo>
      <RunInfo computerName="TRAVLER" outcome="Error" timestamp="2025-10-02T00:32:07.1590508-04:00">
        <Text>[xUnit.net 00:00:00.70]     HotshotLogistics.Tests.JobRepositoryTests.GetJobsByCustomerAsync_ReturnsJobsForCorrectCustomer [FAIL]</Text>
      </RunInfo>
      <RunInfo computerName="TRAVLER" outcome="Error" timestamp="2025-10-02T00:32:07.1593505-04:00">
        <Text>[xUnit.net 00:00:00.70]     HotshotLogistics.Tests.JobRepositoryTests.GetJobsAsync_WithSorting_ReturnsOrderedResults [FAIL]</Text>
      </RunInfo>
      <RunInfo computerName="TRAVLER" outcome="Error" timestamp="2025-10-02T00:32:07.1623735-04:00">
        <Text>[xUnit.net 00:00:00.71]     HotshotLogistics.Tests.JobRepositoryTests.GetJobsAsync_WithSearchTerm_ReturnsMatchingResults [FAIL]</Text>
      </RunInfo>
      <RunInfo computerName="TRAVLER" outcome="Error" timestamp="2025-10-02T00:32:07.1625678-04:00">
        <Text>[xUnit.net 00:00:00.71]     HotshotLogistics.Tests.JobRepositoryTests.GetJobsAsync_WithDateRangeFilter_ReturnsCorrectResults [FAIL]</Text>
      </RunInfo>
      <RunInfo computerName="TRAVLER" outcome="Error" timestamp="2025-10-02T00:32:07.1875483-04:00">
        <Text>[xUnit.net 00:00:00.74]     HotshotLogistics.Tests.LocationTrackingRepositoryTests.GetTotalDistanceByJobIdAsync_ReturnsTotalDistanceForJob [FAIL]</Text>
      </RunInfo>
      <RunInfo computerName="TRAVLER" outcome="Error" timestamp="2025-10-02T00:32:07.1894160-04:00">
        <Text>[xUnit.net 00:00:00.74]     HotshotLogistics.Tests.LocationTrackingRepositoryTests.GetLatestByJobIdAsync_ReturnsLatestLocationTrackingRecordForJob [FAIL]</Text>
      </RunInfo>
      <RunInfo computerName="TRAVLER" outcome="Error" timestamp="2025-10-02T00:32:07.1986520-04:00">
        <Text>[xUnit.net 00:00:00.75]     HotshotLogistics.Tests.LocationTrackingRepositoryTests.AddAsync_CreatesLocationTrackingRecordSuccessfully [FAIL]</Text>
      </RunInfo>
      <RunInfo computerName="TRAVLER" outcome="Error" timestamp="2025-10-02T00:32:07.1993210-04:00">
        <Text>[xUnit.net 00:00:00.75]     HotshotLogistics.Tests.LocationTrackingRepositoryTests.GetCountByJobIdAsync_ReturnsCorrectCountOfLocationTrackingRecordsForJob [FAIL]</Text>
      </RunInfo>
      <RunInfo computerName="TRAVLER" outcome="Error" timestamp="2025-10-02T00:32:07.2009936-04:00">
        <Text>[xUnit.net 00:00:00.75]     HotshotLogistics.Tests.LocationTrackingRepositoryTests.GetByDriverIdAndTimeRangeAsync_ReturnsLocationTrackingRecordsWithinTimeRange [FAIL]</Text>
      </RunInfo>
      <RunInfo computerName="TRAVLER" outcome="Error" timestamp="2025-10-02T00:32:07.2024411-04:00">
        <Text>[xUnit.net 00:00:00.75]     HotshotLogistics.Tests.LocationTrackingRepositoryTests.GetByJobIdAndTimeRangeAsync_ReturnsLocationTrackingRecordsWithinTimeRange [FAIL]</Text>
      </RunInfo>
      <RunInfo computerName="TRAVLER" outcome="Error" timestamp="2025-10-02T00:32:07.2033398-04:00">
        <Text>[xUnit.net 00:00:00.75]     HotshotLogistics.Tests.LocationTrackingRepositoryTests.GetByIdAsync_RetrievesLocationTrackingRecordSuccessfully [FAIL]</Text>
      </RunInfo>
      <RunInfo computerName="TRAVLER" outcome="Error" timestamp="2025-10-02T00:32:07.2127527-04:00">
        <Text>[xUnit.net 00:00:00.76]     HotshotLogistics.Tests.LocationTrackingRepositoryTests.ExistsAsync_ReturnsFalseForNonExistingLocationTrackingRecord [FAIL]</Text>
      </RunInfo>
      <RunInfo computerName="TRAVLER" outcome="Error" timestamp="2025-10-02T00:32:07.2129212-04:00">
        <Text>[xUnit.net 00:00:00.76]     HotshotLogistics.Tests.LocationTrackingRepositoryTests.GetByGeographicAreaAsync_ReturnsLocationTrackingRecordsWithinGeographicArea [FAIL]</Text>
      </RunInfo>
      <RunInfo computerName="TRAVLER" outcome="Error" timestamp="2025-10-02T00:32:07.2130825-04:00">
        <Text>[xUnit.net 00:00:00.76]     HotshotLogistics.Tests.LocationTrackingRepositoryTests.GetByDriverIdAsync_ReturnsLocationTrackingRecordsForCorrectDriver [FAIL]</Text>
      </RunInfo>
      <RunInfo computerName="TRAVLER" outcome="Error" timestamp="2025-10-02T00:32:07.2132332-04:00">
        <Text>[xUnit.net 00:00:00.76]     HotshotLogistics.Tests.LocationTrackingRepositoryTests.DeleteOlderThanAsync_DeletesLocationTrackingRecordsOlderThanCutoffDate [FAIL]</Text>
      </RunInfo>
      <RunInfo computerName="TRAVLER" outcome="Error" timestamp="2025-10-02T00:32:07.2176479-04:00">
        <Text>[xUnit.net 00:00:00.77]     HotshotLogistics.Tests.LocationTrackingRepositoryTests.GetLatestByJobIdAsync_WithCount_ReturnsSpecifiedNumberOfLatestRecords [FAIL]</Text>
      </RunInfo>
      <RunInfo computerName="TRAVLER" outcome="Error" timestamp="2025-10-02T00:32:07.2229698-04:00">
        <Text>[xUnit.net 00:00:00.77]     HotshotLogistics.Tests.LocationTrackingRepositoryTests.AddBatchAsync_AddsMultipleLocationTrackingRecordsSuccessfully [FAIL]</Text>
      </RunInfo>
      <RunInfo computerName="TRAVLER" outcome="Error" timestamp="2025-10-02T00:32:07.2249507-04:00">
        <Text>[xUnit.net 00:00:00.78]     HotshotLogistics.Tests.LocationTrackingRepositoryTests.ExistsAsync_ReturnsTrueForExistingLocationTrackingRecord [FAIL]</Text>
      </RunInfo>
      <RunInfo computerName="TRAVLER" outcome="Error" timestamp="2025-10-02T00:32:07.2286242-04:00">
        <Text>[xUnit.net 00:00:00.78]     HotshotLogistics.Tests.LocationTrackingRepositoryTests.GetByJobIdAsync_ReturnsLocationTrackingRecordsForCorrectJob [FAIL]</Text>
      </RunInfo>
      <RunInfo computerName="TRAVLER" outcome="Error" timestamp="2025-10-02T00:32:07.2839664-04:00">
        <Text>[xUnit.net 00:00:00.83]     HotshotLogistics.Tests.LocationTrackingRepositoryTests.GetTotalDistanceByDriverIdAsync_ReturnsTotalDistanceForDriverWithinTimeRange [FAIL]</Text>
      </RunInfo>
      <RunInfo computerName="TRAVLER" outcome="Error" timestamp="2025-10-02T00:32:07.3095335-04:00">
        <Text>[xUnit.net 00:00:00.86]     HotshotLogistics.Tests.LocationTrackingRepositoryTests.GetLatestByDriverIdAsync_ReturnsLatestLocationTrackingRecordForDriver [FAIL]</Text>
      </RunInfo>
    </RunInfos>
  </ResultSummary>
</TestRun>